Using pre-set license
Built from '2020.3/staging' branch; Version is '2020.3.17f1 (a4537701e4ab) revision 10769271'; Using compiler version '192528614'; Build Type 'Release'
OS: 'Windows 10 Home; OS build 22000.556; Version 2009; 64bit' Language: 'ko' Physical Memory: 7900 MB
BatchMode: 1, IsHumanControllingUs: 0, StartBugReporterOnCrash: 0, Is64bit: 1, IsPro: 0

COMMAND LINE ARGUMENTS:
C:\Program Files\Unity\Hub\Editor\2020.3.17f1\Editor\Unity.exe
-adb2
-batchMode
-noUpm
-name
AssetImportWorker0
-projectPath
C:/Users/ali12/OneDrive/바탕 화면/GitHub/ZombieGame/ZombieGame
-logFile
Logs/AssetImportWorker0.log
-srvPort
64107
Successfully changed project path to: C:/Users/ali12/OneDrive/바탕 화면/GitHub/ZombieGame/ZombieGame
C:/Users/ali12/OneDrive/바탕 화면/GitHub/ZombieGame/ZombieGame
Using Asset Import Pipeline V2.
Refreshing native plugins compatible for Editor in 94.62 ms, found 3 plugins.
Preloading 0 native plugins for Editor in 0.00 ms.
Initialize engine version: 2020.3.17f1 (a4537701e4ab)
[Subsystems] Discovering subsystems at path C:/Program Files/Unity/Hub/Editor/2020.3.17f1/Editor/Data/Resources/UnitySubsystems
[Subsystems] Discovering subsystems at path C:/Users/ali12/OneDrive/바탕 화면/GitHub/ZombieGame/ZombieGame/Assets
GfxDevice: creating device client; threaded=0
Direct3D:
    Version:  Direct3D 11.0 [level 11.1]
    Renderer: Intel(R) Iris(R) Xe Graphics (ID=0x9a49)
    Vendor:   
    VRAM:     3950 MB
    Driver:   30.0.100.9836
Shader 'MoreMountains/MMRipple': fallback shader 'Particle/AlphaBlended' not found
Initialize mono
Mono path[0] = 'C:/Program Files/Unity/Hub/Editor/2020.3.17f1/Editor/Data/Managed'
Mono path[1] = 'C:/Program Files/Unity/Hub/Editor/2020.3.17f1/Editor/Data/MonoBleedingEdge/lib/mono/unityjit'
Mono config path = 'C:/Program Files/Unity/Hub/Editor/2020.3.17f1/Editor/Data/MonoBleedingEdge/etc'
Using monoOptions --debugger-agent=transport=dt_socket,embedding=1,server=y,suspend=n,address=127.0.0.1:56968
Begin MonoManager ReloadAssembly
Registering precompiled unity dll's ...
Register platform support module: C:/Program Files/Unity/Hub/Editor/2020.3.17f1/Editor/Data/PlaybackEngines/WebGLSupport/UnityEditor.WebGL.Extensions.dll
Register platform support module: C:/Program Files/Unity/Hub/Editor/2020.3.17f1/Editor/Data/PlaybackEngines/WindowsStandaloneSupport/UnityEditor.WindowsStandalone.Extensions.dll
Registered in 0.004141 seconds.
Native extension for WindowsStandalone target not found
Native extension for WebGL target not found
Refreshing native plugins compatible for Editor in 86.79 ms, found 3 plugins.
Preloading 0 native plugins for Editor in 0.00 ms.
Mono: successfully reloaded assembly
- Completed reload, in  2.917 seconds
Domain Reload Profiling:
	ReloadAssembly (2918ms)
		BeginReloadAssembly (61ms)
			ExecutionOrderSort (0ms)
			DisableScriptedObjects (0ms)
			BackupInstance (0ms)
			ReleaseScriptingObjects (0ms)
			CreateAndSetChildDomain (1ms)
		EndReloadAssembly (479ms)
			LoadAssemblies (60ms)
			RebuildTransferFunctionScriptingTraits (0ms)
			SetupTypeCache (153ms)
			ReleaseScriptCaches (0ms)
			RebuildScriptCaches (29ms)
			SetupLoadedEditorAssemblies (224ms)
				LogAssemblyErrors (0ms)
				InitializePlatformSupportModulesInManaged (5ms)
				SetLoadedEditorAssemblies (0ms)
				RefreshPlugins (87ms)
				BeforeProcessingInitializeOnLoad (29ms)
				ProcessInitializeOnLoadAttributes (77ms)
				ProcessInitializeOnLoadMethodAttributes (26ms)
				AfterProcessingInitializeOnLoad (0ms)
				EditorAssembliesLoaded (0ms)
			ExecutionOrderSort2 (0ms)
			AwakeInstancesAfterBackupRestoration (0ms)
Platform modules already initialized, skipping
Registering precompiled user dll's ...
Registered in 0.013153 seconds.
Begin MonoManager ReloadAssembly
Native extension for WindowsStandalone target not found
Native extension for WebGL target not found
Refreshing native plugins compatible for Editor in 83.06 ms, found 3 plugins.
Preloading 0 native plugins for Editor in 0.00 ms.
Mono: successfully reloaded assembly
- Completed reload, in  1.402 seconds
Domain Reload Profiling:
	ReloadAssembly (1404ms)
		BeginReloadAssembly (144ms)
			ExecutionOrderSort (0ms)
			DisableScriptedObjects (5ms)
			BackupInstance (0ms)
			ReleaseScriptingObjects (0ms)
			CreateAndSetChildDomain (21ms)
		EndReloadAssembly (1203ms)
			LoadAssemblies (157ms)
			RebuildTransferFunctionScriptingTraits (0ms)
			SetupTypeCache (353ms)
			ReleaseScriptCaches (0ms)
			RebuildScriptCaches (71ms)
			SetupLoadedEditorAssemblies (512ms)
				LogAssemblyErrors (0ms)
				InitializePlatformSupportModulesInManaged (4ms)
				SetLoadedEditorAssemblies (0ms)
				RefreshPlugins (83ms)
				BeforeProcessingInitializeOnLoad (88ms)
				ProcessInitializeOnLoadAttributes (314ms)
				ProcessInitializeOnLoadMethodAttributes (17ms)
				AfterProcessingInitializeOnLoad (4ms)
				EditorAssembliesLoaded (0ms)
			ExecutionOrderSort2 (0ms)
			AwakeInstancesAfterBackupRestoration (6ms)
Platform modules already initialized, skipping
========================================================================
Worker process is ready to serve import requests
Shader 'MoreMountains/MMRipple': fallback shader 'Particle/AlphaBlended' not found
Launched and connected shader compiler UnityShaderCompiler.exe after 0.08 seconds
Refreshing native plugins compatible for Editor in 0.83 ms, found 3 plugins.
Preloading 0 native plugins for Editor in 0.00 ms.
Unloading 3261 Unused Serialized files (Serialized files now loaded: 0)
System memory in use before: 217.2 MB.
System memory in use after: 217.4 MB.

Unloading 29 unused Assets to reduce memory usage. Loaded Objects now: 3700.
Total: 4.024100 ms (FindLiveObjects: 0.255100 ms CreateObjectMapping: 0.117300 ms MarkObjects: 3.549600 ms  DeleteObjects: 0.098700 ms)

AssetImportParameters requested are different than current active one (requested -> active):
  custom:framework-win-MediaFoundation: 216162199b28c13a410421893ffa2e32 -> 
  custom:video-decoder-ogg-theora: a1e56fd34408186e4bbccfd4996cb3dc -> 
  custom:container-muxer-webm: aa71ff27fc2769a1b78a27578f13a17b -> 
  custom:container-demuxer-webm: 4f35f7cbe854078d1ac9338744f61a02 -> 
  custom:container-demuxer-ogg: 62fdf1f143b41e24485cea50d1cbac27 -> 
  custom:video-encoder-webm-vp8: eb34c28f22e8b96e1ab97ce403110664 -> 
  custom:video-decoder-webm-vp8: 9c59270c3fd7afecdb556c50c9e8de78 -> 
  custom:audio-decoder-ogg-vorbis: bf7c407c2cedff20999df2af8eb42d56 -> 
  custom:audio-encoder-webm-vorbis: bf7c407c2cedff20999df2af8eb42d56 -> 
========================================================================
Received Import Request.
  path: Assets/Scripts/ChaeYeon
  artifactKey: Guid(b59a56f57fd37ac429cece53ed9e22c8) Importer(815301076,1909f56bfc062723c751e8b465ee728b)
Start importing Assets/Scripts/ChaeYeon using Guid(b59a56f57fd37ac429cece53ed9e22c8) Importer(815301076,1909f56bfc062723c751e8b465ee728b)  -> (artifact id: 'd200608ec8597e610308d69ded8b8172') in 0.025060 seconds 
  Import took 0.032907 seconds .

========================================================================
Received Import Request.
  Time since last request: 2.703537 seconds.
  path: Assets/Scripts/ChaeYeon/Inventory.unity
  artifactKey: Guid(70f78b0719930cb4d9a1b85cc4afc60d) Importer(815301076,1909f56bfc062723c751e8b465ee728b)
Start importing Assets/Scripts/ChaeYeon/Inventory.unity using Guid(70f78b0719930cb4d9a1b85cc4afc60d) Importer(815301076,1909f56bfc062723c751e8b465ee728b)  -> (artifact id: '1f7fd59f0fb4c2bfad8429a7be8b551a') in 0.021805 seconds 
  Import took 0.029261 seconds .

========================================================================
Received Import Request.
  Time since last request: 1726.794030 seconds.
  path: Assets/TopDownEngine/Demos/Loft3D/Sprites/LoftWeaponIcons.png
  artifactKey: Guid(febaf98c9e2e16b4693de2178a533b43) Importer(815301076,1909f56bfc062723c751e8b465ee728b)
Start importing Assets/TopDownEngine/Demos/Loft3D/Sprites/LoftWeaponIcons.png using Guid(febaf98c9e2e16b4693de2178a533b43) Importer(815301076,1909f56bfc062723c751e8b465ee728b)  -> (artifact id: '6bf04781a5fc2b9c9e429ff3d29452fd') in 0.415804 seconds 
  Import took 0.433802 seconds .

========================================================================
Received Import Request.
  Time since last request: 0.000364 seconds.
  path: Assets/TopDownEngine/Common/Sprites/white-1x1.png
  artifactKey: Guid(aab7a2a17dd28b04899e817f7db9a189) Importer(815301076,1909f56bfc062723c751e8b465ee728b)
Start importing Assets/TopDownEngine/Common/Sprites/white-1x1.png using Guid(aab7a2a17dd28b04899e817f7db9a189) Importer(815301076,1909f56bfc062723c751e8b465ee728b)  -> (artifact id: '9247bc5a509eefcd099cfc25c0254e57') in 0.047056 seconds 
  Import took 0.060534 seconds .

========================================================================
Received Import Request.
  Time since last request: 5043.464509 seconds.
  path: Assets/TopDownEngine/Demos/Grasslands/Sprites/GrasslandsGUI.png
  artifactKey: Guid(082c310ac59e31e4886d543523aa015e) Importer(815301076,1909f56bfc062723c751e8b465ee728b)
Start importing Assets/TopDownEngine/Demos/Grasslands/Sprites/GrasslandsGUI.png using Guid(082c310ac59e31e4886d543523aa015e) Importer(815301076,1909f56bfc062723c751e8b465ee728b)  -> (artifact id: 'c5edab486f215befe842fc2e7658e7b6') in 0.137228 seconds 
  Import took 0.212440 seconds .

========================================================================
Received Import Request.
  Time since last request: 0.000241 seconds.
  path: Assets/TopDownEngine/Demos/Koala2D/Sprites/UI/KoalaGUI.png
  artifactKey: Guid(a2420309b344fe34f9cdfaba2389fdbe) Importer(815301076,1909f56bfc062723c751e8b465ee728b)
Start importing Assets/TopDownEngine/Demos/Koala2D/Sprites/UI/KoalaGUI.png using Guid(a2420309b344fe34f9cdfaba2389fdbe) Importer(815301076,1909f56bfc062723c751e8b465ee728b)  -> (artifact id: 'b25cc230a0883c3b97644b38a4b40b5c') in 0.059329 seconds 
  Import took 0.066294 seconds .

========================================================================
Received Import Request.
  Time since last request: 0.000260 seconds.
  path: Assets/TopDownEngine/ThirdParty/MoreMountains/InventoryEngine/Demos/PixelRogue/Sprites/PixelInventoryBg.png
  artifactKey: Guid(00974a438b734874e8ada5fa1725872e) Importer(815301076,1909f56bfc062723c751e8b465ee728b)
Start importing Assets/TopDownEngine/ThirdParty/MoreMountains/InventoryEngine/Demos/PixelRogue/Sprites/PixelInventoryBg.png using Guid(00974a438b734874e8ada5fa1725872e) Importer(815301076,1909f56bfc062723c751e8b465ee728b)  -> (artifact id: 'd21c3312375842c46b65c5ae63ec50ce') in 0.039859 seconds 
  Import took 0.048242 seconds .

========================================================================
Received Import Request.
  Time since last request: 0.000249 seconds.
  path: Assets/TopDownEngine/ThirdParty/MoreMountains/InventoryEngine/Demos/PixelRogue/Sprites/PixelInventoryDetailsBg.png
  artifactKey: Guid(ca1fefff232b7ec408632519d475b511) Importer(815301076,1909f56bfc062723c751e8b465ee728b)
Start importing Assets/TopDownEngine/ThirdParty/MoreMountains/InventoryEngine/Demos/PixelRogue/Sprites/PixelInventoryDetailsBg.png using Guid(ca1fefff232b7ec408632519d475b511) Importer(815301076,1909f56bfc062723c751e8b465ee728b)  -> (artifact id: '433ea4d49ce23c844801cb6289865eaa') in 0.038925 seconds 
  Import took 0.045415 seconds .

========================================================================
Received Import Request.
  Time since last request: 0.000222 seconds.
  path: Assets/TopDownEngine/ThirdParty/MoreMountains/InventoryEngine/Demos/PixelRogue/Sprites/PixelInventoryBg.png
  artifactKey: Guid(00974a438b734874e8ada5fa1725872e) Importer(815301076,1909f56bfc062723c751e8b465ee728b)
Start importing Assets/TopDownEngine/ThirdParty/MoreMountains/InventoryEngine/Demos/PixelRogue/Sprites/PixelInventoryBg.png using Guid(00974a438b734874e8ada5fa1725872e) Importer(815301076,1909f56bfc062723c751e8b465ee728b)  -> (artifact id: 'd21c3312375842c46b65c5ae63ec50ce') in 0.013351 seconds 
  Import took 0.019493 seconds .

========================================================================
Received Import Request.
  Time since last request: 0.000247 seconds.
  path: Assets/TopDownEngine/ThirdParty/MoreMountains/InventoryEngine/Demos/PixelRogue/Sprites/PixelInventoryDetailsBg.png
  artifactKey: Guid(ca1fefff232b7ec408632519d475b511) Importer(815301076,1909f56bfc062723c751e8b465ee728b)
Start importing Assets/TopDownEngine/ThirdParty/MoreMountains/InventoryEngine/Demos/PixelRogue/Sprites/PixelInventoryDetailsBg.png using Guid(ca1fefff232b7ec408632519d475b511) Importer(815301076,1909f56bfc062723c751e8b465ee728b)  -> (artifact id: '433ea4d49ce23c844801cb6289865eaa') in 0.013832 seconds 
  Import took 0.021583 seconds .

========================================================================
Received Import Request.
  Time since last request: 277.248111 seconds.
  path: Assets/Scripts/ChaeYeon/bg.png
  artifactKey: Guid(f4ebfb6e56877e74d8b0496c86f84bb9) Importer(815301076,1909f56bfc062723c751e8b465ee728b)
Start importing Assets/Scripts/ChaeYeon/bg.png using Guid(f4ebfb6e56877e74d8b0496c86f84bb9) Importer(815301076,1909f56bfc062723c751e8b465ee728b)  -> (artifact id: 'f723eaa73d8cf82c4713ad48e741e077') in 0.024696 seconds 
  Import took 0.038655 seconds .

========================================================================
Received Import Request.
  Time since last request: 184.557746 seconds.
  path: Packages/com.unity.2d.sprite
  artifactKey: Guid(0901a6b758d060e9422c4f8d588d5895) Importer(815301076,1909f56bfc062723c751e8b465ee728b)
Start importing Packages/com.unity.2d.sprite using Guid(0901a6b758d060e9422c4f8d588d5895) Importer(815301076,1909f56bfc062723c751e8b465ee728b)  -> (artifact id: '1ac9f0859ed1eccac4506b3b2480e9d0') in 0.011513 seconds 
  Import took 0.026274 seconds .

========================================================================
Received Import Request.
  Time since last request: 0.811428 seconds.
  path: Packages/com.unity.2d.sprite/package.json
  artifactKey: Guid(7dc5f1e5d04ac8549ac21802071e983b) Importer(815301076,1909f56bfc062723c751e8b465ee728b)
Start importing Packages/com.unity.2d.sprite/package.json using Guid(7dc5f1e5d04ac8549ac21802071e983b) Importer(815301076,1909f56bfc062723c751e8b465ee728b)  -> (artifact id: 'ff87128bdf6981a9843158b29f26b2df') in 0.038829 seconds 
  Import took 0.046706 seconds .

========================================================================
Received Import Request.
  Time since last request: 10.464434 seconds.
  path: Packages/com.unity.2d.sprite/CHANGELOG.md
  artifactKey: Guid(b7007d815829e7644bb81d1f8004a340) Importer(815301076,1909f56bfc062723c751e8b465ee728b)
Start importing Packages/com.unity.2d.sprite/CHANGELOG.md using Guid(b7007d815829e7644bb81d1f8004a340) Importer(815301076,1909f56bfc062723c751e8b465ee728b)  -> (artifact id: 'f4e5d6b01938a76ac34b9a1add2ab24c') in 0.033007 seconds 
  Import took 0.039507 seconds .

========================================================================
Received Import Request.
  Time since last request: 1.711058 seconds.
  path: Packages/com.unity.2d.sprite/LICENSE.md
  artifactKey: Guid(20ef7441e2dc7954c9ba3a12ffbac4d9) Importer(815301076,1909f56bfc062723c751e8b465ee728b)
Start importing Packages/com.unity.2d.sprite/LICENSE.md using Guid(20ef7441e2dc7954c9ba3a12ffbac4d9) Importer(815301076,1909f56bfc062723c751e8b465ee728b)  -> (artifact id: '0de6b6249dd1aec2847653b7fb2ae93d') in 0.012201 seconds 
  Import took 0.018701 seconds .

========================================================================
Received Import Request.
  Time since last request: 110.903890 seconds.
  path: Assets/TopDownEngine
  artifactKey: Guid(2621b6c0311718244a27b78a0119aae6) Importer(815301076,1909f56bfc062723c751e8b465ee728b)
Start importing Assets/TopDownEngine using Guid(2621b6c0311718244a27b78a0119aae6) Importer(815301076,1909f56bfc062723c751e8b465ee728b)  -> (artifact id: 'bfafc2fe1af5f84a5e519970d6ab64a6') in 0.015321 seconds 
  Import took 0.032466 seconds .

========================================================================
Received Import Request.
  Time since last request: 8.373473 seconds.
  path: Assets/ART
  artifactKey: Guid(84c05e5f3662869468e97bcfbec2ffd2) Importer(815301076,1909f56bfc062723c751e8b465ee728b)
Start importing Assets/ART using Guid(84c05e5f3662869468e97bcfbec2ffd2) Importer(815301076,1909f56bfc062723c751e8b465ee728b)  -> (artifact id: '186f2c2313a91635e4d7a5d00b8cf670') in 0.009907 seconds 
  Import took 0.018417 seconds .

========================================================================
Received Import Request.
  Time since last request: 6.102193 seconds.
  path: Assets/Scenes
  artifactKey: Guid(45b7cacdc98a603489db2e6b9bd4abb1) Importer(815301076,1909f56bfc062723c751e8b465ee728b)
Start importing Assets/Scenes using Guid(45b7cacdc98a603489db2e6b9bd4abb1) Importer(815301076,1909f56bfc062723c751e8b465ee728b)  -> (artifact id: '227ede084ad2f3e3bd49f069f77ee627') in 0.012892 seconds 
  Import took 0.021421 seconds .

========================================================================
Received Import Request.
  Time since last request: 9.472027 seconds.
  path: Assets/Scripts
  artifactKey: Guid(26168806dc3eec542bb2dc35921cb3e0) Importer(815301076,1909f56bfc062723c751e8b465ee728b)
Start importing Assets/Scripts using Guid(26168806dc3eec542bb2dc35921cb3e0) Importer(815301076,1909f56bfc062723c751e8b465ee728b)  -> (artifact id: 'e40ea70214ca988bb898e09c78ec5d58') in 0.011016 seconds 
  Import took 0.018442 seconds .

========================================================================
Received Import Request.
  Time since last request: 25.923483 seconds.
  path: Assets/TopDownEngine/ThirdParty/MoreMountains/MMFeedbacks/Editor/Sequencing/Resources/SequencerDotBackground.png
  artifactKey: Guid(82c9d5c8726c57249b51c39e76eee072) Importer(815301076,1909f56bfc062723c751e8b465ee728b)
Start importing Assets/TopDownEngine/ThirdParty/MoreMountains/MMFeedbacks/Editor/Sequencing/Resources/SequencerDotBackground.png using Guid(82c9d5c8726c57249b51c39e76eee072) Importer(815301076,1909f56bfc062723c751e8b465ee728b)  -> (artifact id: 'c0e270147ec6c3c643ff6e3a36a91b47') in 0.048584 seconds 
  Import took 0.055495 seconds .

========================================================================
Received Import Request.
  Time since last request: 0.000321 seconds.
  path: Assets/TopDownEngine/Demos/Tanks/Textures/TankProgressBar.png
  artifactKey: Guid(c5fa46ae88b76104dab3200d0ee69802) Importer(815301076,1909f56bfc062723c751e8b465ee728b)
Start importing Assets/TopDownEngine/Demos/Tanks/Textures/TankProgressBar.png using Guid(c5fa46ae88b76104dab3200d0ee69802) Importer(815301076,1909f56bfc062723c751e8b465ee728b)  -> (artifact id: 'fadfec8591af5e062e1062bc4531fff7') in 0.037719 seconds 
  Import took 0.045869 seconds .

========================================================================
Received Import Request.
  Time since last request: 0.000307 seconds.
  path: Assets/TopDownEngine/ThirdParty/MoreMountains/MMInterface/Styles/Mini/Sprites/SwitchBackground.png
  artifactKey: Guid(d34a108822d1ab84697e8a4da3b5f7e3) Importer(815301076,1909f56bfc062723c751e8b465ee728b)
Start importing Assets/TopDownEngine/ThirdParty/MoreMountains/MMInterface/Styles/Mini/Sprites/SwitchBackground.png using Guid(d34a108822d1ab84697e8a4da3b5f7e3) Importer(815301076,1909f56bfc062723c751e8b465ee728b)  -> (artifact id: 'af5443e0c272e7fd5ef610d994aa011a') in 0.035581 seconds 
  Import took 0.042445 seconds .

========================================================================
Received Import Request.
  Time since last request: 0.000327 seconds.
  path: Assets/TopDownEngine/Demos/Koala2D/Sprites/Dungeon/KoalaTeleporter.png
  artifactKey: Guid(df2944269d98faf4b9bb422b379f309e) Importer(815301076,1909f56bfc062723c751e8b465ee728b)
Start importing Assets/TopDownEngine/Demos/Koala2D/Sprites/Dungeon/KoalaTeleporter.png using Guid(df2944269d98faf4b9bb422b379f309e) Importer(815301076,1909f56bfc062723c751e8b465ee728b)  -> (artifact id: 'e34adf096f8db5aa3cbeb2f860feb51d') in 0.033333 seconds 
  Import took 0.039370 seconds .

========================================================================
Received Import Request.
  Time since last request: 0.000335 seconds.
  path: Assets/TopDownEngine/Demos/StartScreen/Sprites/StartScreenBackground.png
  artifactKey: Guid(4b3ebb0991dd7584098fc21e5cf64ea1) Importer(815301076,1909f56bfc062723c751e8b465ee728b)
Start importing Assets/TopDownEngine/Demos/StartScreen/Sprites/StartScreenBackground.png using Guid(4b3ebb0991dd7584098fc21e5cf64ea1) Importer(815301076,1909f56bfc062723c751e8b465ee728b)  -> (artifact id: 'a22c9791927684803221e255c26ec6f0') in 0.040288 seconds 
  Import took 0.047621 seconds .

========================================================================
Received Import Request.
  Time since last request: 295.164908 seconds.
  path: Assets/TopDownEngine/Demos/Tanks/Textures/TankAvatar.png
  artifactKey: Guid(8f6fc5f23ee901d449ed94ded8d1a85e) Importer(815301076,1909f56bfc062723c751e8b465ee728b)
Start importing Assets/TopDownEngine/Demos/Tanks/Textures/TankAvatar.png using Guid(8f6fc5f23ee901d449ed94ded8d1a85e) Importer(815301076,1909f56bfc062723c751e8b465ee728b)  -> (artifact id: 'b8cb364dd2dc1c4b2c5db54448ea5c17') in 0.034595 seconds 
  Import took 0.044025 seconds .

========================================================================
Received Import Request.
  Time since last request: 0.000385 seconds.
  path: Assets/TopDownEngine/Demos/StartScreen/Sprites/StartScreenNiceTouchLogo.png
  artifactKey: Guid(913943add37f941478db5a5d1d09b786) Importer(815301076,1909f56bfc062723c751e8b465ee728b)
Start importing Assets/TopDownEngine/Demos/StartScreen/Sprites/StartScreenNiceTouchLogo.png using Guid(913943add37f941478db5a5d1d09b786) Importer(815301076,1909f56bfc062723c751e8b465ee728b)  -> (artifact id: '5dc6b5179c54e6ac5a9ee32dfe9e45f0') in 0.037168 seconds 
  Import took 0.045357 seconds .

========================================================================
Received Import Request.
  Time since last request: 0.000383 seconds.
  path: Assets/TopDownEngine/Demos/StartScreen/Sprites/StartScreenTopDownEngineLogo.png
  artifactKey: Guid(e240d3b3abac3174c8e38146aaf98b35) Importer(815301076,1909f56bfc062723c751e8b465ee728b)
Start importing Assets/TopDownEngine/Demos/StartScreen/Sprites/StartScreenTopDownEngineLogo.png using Guid(e240d3b3abac3174c8e38146aaf98b35) Importer(815301076,1909f56bfc062723c751e8b465ee728b)  -> (artifact id: '28d0590f03b7b20f210eca76349af6a5') in 0.046992 seconds 
  Import took 0.053892 seconds .

========================================================================
Received Import Request.
  Time since last request: 0.000331 seconds.
  path: Assets/TopDownEngine/Demos/StartScreen/Sprites/StartScreenNiceTouchLogo.png
  artifactKey: Guid(913943add37f941478db5a5d1d09b786) Importer(815301076,1909f56bfc062723c751e8b465ee728b)
Start importing Assets/TopDownEngine/Demos/StartScreen/Sprites/StartScreenNiceTouchLogo.png using Guid(913943add37f941478db5a5d1d09b786) Importer(815301076,1909f56bfc062723c751e8b465ee728b)  -> (artifact id: '5dc6b5179c54e6ac5a9ee32dfe9e45f0') in 0.020561 seconds 
  Import took 0.027547 seconds .

========================================================================
Received Import Request.
  Time since last request: 0.067472 seconds.
  path: Assets/TopDownEngine/Demos/StartScreen/Sprites/StartScreenInventoryEngineLogo.png
  artifactKey: Guid(27b2c71b7685a924790b72ac22e087fd) Importer(815301076,1909f56bfc062723c751e8b465ee728b)
Start importing Assets/TopDownEngine/Demos/StartScreen/Sprites/StartScreenInventoryEngineLogo.png using Guid(27b2c71b7685a924790b72ac22e087fd) Importer(815301076,1909f56bfc062723c751e8b465ee728b)  -> (artifact id: '78bd74846d0de57683fdc9a2ee922c7e') in 0.044254 seconds 
  Import took 0.053711 seconds .

========================================================================
Received Import Request.
  Time since last request: 0.000317 seconds.
  path: Assets/TopDownEngine/ThirdParty/MoreMountains/MMInterface/Styles/Mini/Sprites/RoundedCorners20Filled.png
  artifactKey: Guid(e4b0d1cd80da94a45aa0330e683ec925) Importer(815301076,1909f56bfc062723c751e8b465ee728b)
Start importing Assets/TopDownEngine/ThirdParty/MoreMountains/MMInterface/Styles/Mini/Sprites/RoundedCorners20Filled.png using Guid(e4b0d1cd80da94a45aa0330e683ec925) Importer(815301076,1909f56bfc062723c751e8b465ee728b)  -> (artifact id: 'b476c312e59a007d4d76aa30ce4b5ad5') in 0.029824 seconds 
  Import took 0.037669 seconds .

========================================================================
Received Import Request.
  Time since last request: 0.000318 seconds.
  path: Assets/TopDownEngine/Demos/StartScreen/Sprites/StartScreenMoreMountainsLogo.png
  artifactKey: Guid(7125bc973c3059b48a7da19d687ab86a) Importer(815301076,1909f56bfc062723c751e8b465ee728b)
Start importing Assets/TopDownEngine/Demos/StartScreen/Sprites/StartScreenMoreMountainsLogo.png using Guid(7125bc973c3059b48a7da19d687ab86a) Importer(815301076,1909f56bfc062723c751e8b465ee728b)  -> (artifact id: '27b2783e8c0e4831bd2347c7e39d429f') in 0.038123 seconds 
  Import took 0.046493 seconds .

========================================================================
Received Import Request.
  Time since last request: 0.000484 seconds.
  path: Assets/TopDownEngine/ThirdParty/MoreMountains/MMInterface/Styles/Mini/Sprites/RoundedCorners10Stroke5.png
  artifactKey: Guid(1f16c409a155b4f4794e5edb9bff9364) Importer(815301076,1909f56bfc062723c751e8b465ee728b)
Start importing Assets/TopDownEngine/ThirdParty/MoreMountains/MMInterface/Styles/Mini/Sprites/RoundedCorners10Stroke5.png using Guid(1f16c409a155b4f4794e5edb9bff9364) Importer(815301076,1909f56bfc062723c751e8b465ee728b)  -> (artifact id: '5b5818942d7fab8df43b31b807d14c40') in 0.030336 seconds 
  Import took 0.036708 seconds .

========================================================================
Received Import Request.
  Time since last request: 0.000583 seconds.
  path: Assets/TopDownEngine/ThirdParty/MoreMountains/MMFeedbacks/Editor/Sequencing/Resources/SequencerButtonBackground.png
  artifactKey: Guid(e802b29e86b4ef74abe728250ecaf37c) Importer(815301076,1909f56bfc062723c751e8b465ee728b)
Start importing Assets/TopDownEngine/ThirdParty/MoreMountains/MMFeedbacks/Editor/Sequencing/Resources/SequencerButtonBackground.png using Guid(e802b29e86b4ef74abe728250ecaf37c) Importer(815301076,1909f56bfc062723c751e8b465ee728b)  -> (artifact id: 'fe6c87696237ed246282bcc1ecaa67e8') in 0.031258 seconds 
  Import took 0.038826 seconds .

========================================================================
Received Import Request.
  Time since last request: 0.000293 seconds.
  path: Assets/TopDownEngine/ThirdParty/MoreMountains/MMInterface/Styles/Mini/Sprites/RoundedCorners10Stroke2.png
  artifactKey: Guid(186dd63291c6cb74a82b69c1e08caf8b) Importer(815301076,1909f56bfc062723c751e8b465ee728b)
Start importing Assets/TopDownEngine/ThirdParty/MoreMountains/MMInterface/Styles/Mini/Sprites/RoundedCorners10Stroke2.png using Guid(186dd63291c6cb74a82b69c1e08caf8b) Importer(815301076,1909f56bfc062723c751e8b465ee728b)  -> (artifact id: 'cef734c600cd3db9b2ba0d0c7f18e93a') in 0.029416 seconds 
  Import took 0.036640 seconds .

========================================================================
Received Import Request.
  Time since last request: 2.074813 seconds.
  path: Assets/TopDownEngine/Demos/Koala2D/Sprites/Dungeon/KoalaRetroYellowPlatform.png
  artifactKey: Guid(162437533948f458c8c6fceb33dde7c1) Importer(815301076,1909f56bfc062723c751e8b465ee728b)
Start importing Assets/TopDownEngine/Demos/Koala2D/Sprites/Dungeon/KoalaRetroYellowPlatform.png using Guid(162437533948f458c8c6fceb33dde7c1) Importer(815301076,1909f56bfc062723c751e8b465ee728b)  -> (artifact id: '07fa709de937611c33b0294662eaa37e') in 0.141209 seconds 
  Import took 0.148206 seconds .

========================================================================
Received Import Request.
  Time since last request: 0.000213 seconds.
  path: Assets/TopDownEngine/ThirdParty/MoreMountains/InventoryEngine/Demos/PixelRogue/Sprites/PixelInventoryButtons.png
  artifactKey: Guid(7c1ffec91c2f2d44bb5cd98a294de6ce) Importer(815301076,1909f56bfc062723c751e8b465ee728b)
Start importing Assets/TopDownEngine/ThirdParty/MoreMountains/InventoryEngine/Demos/PixelRogue/Sprites/PixelInventoryButtons.png using Guid(7c1ffec91c2f2d44bb5cd98a294de6ce) Importer(815301076,1909f56bfc062723c751e8b465ee728b)  -> (artifact id: '9fec8ed5fb510b50a5ab17291280b880') in 0.052481 seconds 
  Import took 0.059687 seconds .

========================================================================
Received Import Request.
  Time since last request: 0.000374 seconds.
  path: Assets/TopDownEngine/Demos/Koala2D/Sprites/Ninja/KoalaNinja_Falling.png
  artifactKey: Guid(2bdcc5376b8ef4540bfc87f41506ffcd) Importer(815301076,1909f56bfc062723c751e8b465ee728b)
Start importing Assets/TopDownEngine/Demos/Koala2D/Sprites/Ninja/KoalaNinja_Falling.png using Guid(2bdcc5376b8ef4540bfc87f41506ffcd) Importer(815301076,1909f56bfc062723c751e8b465ee728b)  -> (artifact id: 'b2cb657740332583da02f81673ae6a1c') in 0.075285 seconds 
  Import took 0.081713 seconds .

========================================================================
Received Import Request.
  Time since last request: 0.000298 seconds.
  path: Assets/TopDownEngine/ThirdParty/MoreMountains/MMTools/Tools/MMSprites/BezierLineRenderer/Demo/MMBezierLineRendererDemoDude.png
  artifactKey: Guid(0e4040556b24d6040826b165baa18a21) Importer(815301076,1909f56bfc062723c751e8b465ee728b)
Start importing Assets/TopDownEngine/ThirdParty/MoreMountains/MMTools/Tools/MMSprites/BezierLineRenderer/Demo/MMBezierLineRendererDemoDude.png using Guid(0e4040556b24d6040826b165baa18a21) Importer(815301076,1909f56bfc062723c751e8b465ee728b)  -> (artifact id: '1af024c38db3292fd8adf506ce7c2382') in 0.038926 seconds 
  Import took 0.045545 seconds .

========================================================================
Received Import Request.
  Time since last request: 0.000227 seconds.
  path: Assets/TopDownEngine/Demos/LevelSelection/Sprites/level-map-minimal3D-sword.png
  artifactKey: Guid(236d39d3ce1743d4da1a47bd304522aa) Importer(815301076,1909f56bfc062723c751e8b465ee728b)
Start importing Assets/TopDownEngine/Demos/LevelSelection/Sprites/level-map-minimal3D-sword.png using Guid(236d39d3ce1743d4da1a47bd304522aa) Importer(815301076,1909f56bfc062723c751e8b465ee728b)  -> (artifact id: 'a2faf4e74ca4751f2897d13c48983f12') in 0.035815 seconds 
  Import took 0.041797 seconds .

========================================================================
Received Import Request.
  Time since last request: 0.000241 seconds.
  path: Assets/TopDownEngine/Demos/Koala2D/Sprites/Weapons/KoalaWeapons.png
  artifactKey: Guid(75df1bb8b302ceb4a9230d70d1b2e97e) Importer(815301076,1909f56bfc062723c751e8b465ee728b)
Start importing Assets/TopDownEngine/Demos/Koala2D/Sprites/Weapons/KoalaWeapons.png using Guid(75df1bb8b302ceb4a9230d70d1b2e97e) Importer(815301076,1909f56bfc062723c751e8b465ee728b)  -> (artifact id: '6b8118d56b899b80f3bd7e45bf1c607c') in 0.057778 seconds 
  Import took 0.064896 seconds .

========================================================================
Received Import Request.
  Time since last request: 0.000210 seconds.
  path: Assets/TopDownEngine/ThirdParty/MoreMountains/MMTools/Tools/MMControls/Demo/Sprites/mobile-controls-spritesheet.png
  artifactKey: Guid(358b5d9f23bc9413e87c9948acc67ee1) Importer(815301076,1909f56bfc062723c751e8b465ee728b)
Start importing Assets/TopDownEngine/ThirdParty/MoreMountains/MMTools/Tools/MMControls/Demo/Sprites/mobile-controls-spritesheet.png using Guid(358b5d9f23bc9413e87c9948acc67ee1) Importer(815301076,1909f56bfc062723c751e8b465ee728b)  -> (artifact id: 'ad6ba39b45032677a6b5034a60e8311d') in 0.067301 seconds 
  Import took 0.073155 seconds .

========================================================================
Received Import Request.
  Time since last request: 0.000200 seconds.
  path: Assets/TopDownEngine/ThirdParty/MoreMountains/MMTools/Tools/MMGUI/Sprites/MMTools_GUI_1x1.png
  artifactKey: Guid(aff4855d499cb7646b344323f4129b58) Importer(815301076,1909f56bfc062723c751e8b465ee728b)
Start importing Assets/TopDownEngine/ThirdParty/MoreMountains/MMTools/Tools/MMGUI/Sprites/MMTools_GUI_1x1.png using Guid(aff4855d499cb7646b344323f4129b58) Importer(815301076,1909f56bfc062723c751e8b465ee728b)  -> (artifact id: 'f4d3a157fdcb73bf04057bb2d3fb3ed9') in 0.034302 seconds 
  Import took 0.039734 seconds .

========================================================================
Received Import Request.
  Time since last request: 0.000319 seconds.
  path: Assets/TopDownEngine/Demos/Koala2D/Sprites/Dungeon/KoalaCoin.png
  artifactKey: Guid(81046f1715164154b8148fb9de9f7d87) Importer(815301076,1909f56bfc062723c751e8b465ee728b)
Start importing Assets/TopDownEngine/Demos/Koala2D/Sprites/Dungeon/KoalaCoin.png using Guid(81046f1715164154b8148fb9de9f7d87) Importer(815301076,1909f56bfc062723c751e8b465ee728b)  -> (artifact id: '0dfb12e8b19eb3a3c1d3f1d8c46a5f09') in 0.051358 seconds 
  Import took 0.058183 seconds .

========================================================================
Received Import Request.
  Time since last request: 0.000281 seconds.
  path: Assets/TopDownEngine/Demos/Koala2D/Sprites/Koala/KoalaFalling.png
  artifactKey: Guid(c1abc501f370f944d9e6adcbb63e874f) Importer(815301076,1909f56bfc062723c751e8b465ee728b)
Start importing Assets/TopDownEngine/Demos/Koala2D/Sprites/Koala/KoalaFalling.png using Guid(c1abc501f370f944d9e6adcbb63e874f) Importer(815301076,1909f56bfc062723c751e8b465ee728b)  -> (artifact id: '0e63ef693ef7c56b647f2116b8da84b6') in 0.068738 seconds 
  Import took 0.074963 seconds .

========================================================================
Received Import Request.
  Time since last request: 0.000235 seconds.
  path: Assets/TopDownEngine/ThirdParty/MoreMountains/MMInterface/Styles/Mini/Sprites/Empty.png
  artifactKey: Guid(d309fbc0bde10064b814c844754bfedf) Importer(815301076,1909f56bfc062723c751e8b465ee728b)
Start importing Assets/TopDownEngine/ThirdParty/MoreMountains/MMInterface/Styles/Mini/Sprites/Empty.png using Guid(d309fbc0bde10064b814c844754bfedf) Importer(815301076,1909f56bfc062723c751e8b465ee728b)  -> (artifact id: '0af975399da1a4c7fa7ade6dae24eca6') in 0.028925 seconds 
  Import took 0.036255 seconds .

========================================================================
Received Import Request.
  Time since last request: 0.000229 seconds.
  path: Assets/TopDownEngine/Demos/LevelSelection/Sprites/level-map-colonel.png
  artifactKey: Guid(9a88eb3b093e16d48a71081230f15a74) Importer(815301076,1909f56bfc062723c751e8b465ee728b)
Start importing Assets/TopDownEngine/Demos/LevelSelection/Sprites/level-map-colonel.png using Guid(9a88eb3b093e16d48a71081230f15a74) Importer(815301076,1909f56bfc062723c751e8b465ee728b)  -> (artifact id: 'ea4b11c5080d145a0da6b4efccbf7b35') in 0.030704 seconds 
  Import took 0.037952 seconds .

========================================================================
Received Import Request.
  Time since last request: 0.000247 seconds.
  path: Assets/TopDownEngine/Demos/Koala2D/Sprites/Dungeon/KoalaRetroRedPlatform.png
  artifactKey: Guid(7781706b908d244c4abf1bf2fe74ce03) Importer(815301076,1909f56bfc062723c751e8b465ee728b)
Start importing Assets/TopDownEngine/Demos/Koala2D/Sprites/Dungeon/KoalaRetroRedPlatform.png using Guid(7781706b908d244c4abf1bf2fe74ce03) Importer(815301076,1909f56bfc062723c751e8b465ee728b)  -> (artifact id: '0aa2f64020a712ae2d9f40b607ebea24') in 0.143030 seconds 
  Import took 0.157929 seconds .

========================================================================
Received Import Request.
  Time since last request: 0.000260 seconds.
  path: Assets/TopDownEngine/Demos/Grasslands/Sprites/GrasslandsTimeCounterBackground.png
  artifactKey: Guid(857a36a9cd03cc940881bb1474fef140) Importer(815301076,1909f56bfc062723c751e8b465ee728b)
Start importing Assets/TopDownEngine/Demos/Grasslands/Sprites/GrasslandsTimeCounterBackground.png using Guid(857a36a9cd03cc940881bb1474fef140) Importer(815301076,1909f56bfc062723c751e8b465ee728b)  -> (artifact id: '55e86f223d6f88244c9d61fc0033d326') in 0.028030 seconds 
  Import took 0.035101 seconds .

========================================================================
Received Import Request.
  Time since last request: 0.000356 seconds.
  path: Assets/TopDownEngine/ThirdParty/MoreMountains/MMInterface/Styles/Mini/Sprites/Circle.png
  artifactKey: Guid(057df9ab7aa5fee41a160c087c4d635d) Importer(815301076,1909f56bfc062723c751e8b465ee728b)
Start importing Assets/TopDownEngine/ThirdParty/MoreMountains/MMInterface/Styles/Mini/Sprites/Circle.png using Guid(057df9ab7aa5fee41a160c087c4d635d) Importer(815301076,1909f56bfc062723c751e8b465ee728b)  -> (artifact id: 'f3f4a7df383be6ddb893a72ce474b6e1') in 0.035127 seconds 
  Import took 0.042760 seconds .

========================================================================
Received Import Request.
  Time since last request: 0.000401 seconds.
  path: Assets/TopDownEngine/ThirdParty/MoreMountains/MMInterface/Styles/Mini/Sprites/CheckboxesRadio.png
  artifactKey: Guid(eeac17b8deda35d48980e6af10acd619) Importer(815301076,1909f56bfc062723c751e8b465ee728b)
Start importing Assets/TopDownEngine/ThirdParty/MoreMountains/MMInterface/Styles/Mini/Sprites/CheckboxesRadio.png using Guid(eeac17b8deda35d48980e6af10acd619) Importer(815301076,1909f56bfc062723c751e8b465ee728b)  -> (artifact id: 'a4d9656fedc01bf4663da697cb15a59f') in 0.042971 seconds 
  Import took 0.049014 seconds .

========================================================================
Received Import Request.
  Time since last request: 0.000322 seconds.
  path: Assets/TopDownEngine/Demos/LevelSelection/Sprites/level-map-koala-rooms.png
  artifactKey: Guid(f47d5c86771278f48bbb5776e7d5eec6) Importer(815301076,1909f56bfc062723c751e8b465ee728b)
Start importing Assets/TopDownEngine/Demos/LevelSelection/Sprites/level-map-koala-rooms.png using Guid(f47d5c86771278f48bbb5776e7d5eec6) Importer(815301076,1909f56bfc062723c751e8b465ee728b)  -> (artifact id: '71177bdcb510c0272a5daa63f0778f9e') in 0.031706 seconds 
  Import took 0.037426 seconds .

========================================================================
Received Import Request.
  Time since last request: 0.000230 seconds.
  path: Assets/TopDownEngine/Demos/Koala2D/Sprites/Dungeon/KoalaDungeonGroundBeige.png
  artifactKey: Guid(e447093ef558f8a4ba40ac962b9d54ff) Importer(815301076,1909f56bfc062723c751e8b465ee728b)
Start importing Assets/TopDownEngine/Demos/Koala2D/Sprites/Dungeon/KoalaDungeonGroundBeige.png using Guid(e447093ef558f8a4ba40ac962b9d54ff) Importer(815301076,1909f56bfc062723c751e8b465ee728b)  -> (artifact id: '16b66d82eae7c26979280cdaf8d4a1ca') in 0.169955 seconds 
  Import took 0.176176 seconds .

========================================================================
Received Import Request.
  Time since last request: 0.000292 seconds.
  path: Assets/TopDownEngine/Demos/Koala2D/Sprites/Dungeon/KoalaDungeonGroundGrey.png
  artifactKey: Guid(50ccc12bd9c9c0d4e8d307d96587cb54) Importer(815301076,1909f56bfc062723c751e8b465ee728b)
Start importing Assets/TopDownEngine/Demos/Koala2D/Sprites/Dungeon/KoalaDungeonGroundGrey.png using Guid(50ccc12bd9c9c0d4e8d307d96587cb54) Importer(815301076,1909f56bfc062723c751e8b465ee728b)  -> (artifact id: 'a7d5923832730572c78f6021c6de0c61') in 0.172522 seconds 
  Import took 0.180811 seconds .

========================================================================
Received Import Request.
  Time since last request: 0.000270 seconds.
  path: Assets/TopDownEngine/ThirdParty/MoreMountains/MMTools/Tools/MMDebugOnScreen/Sprites/MMLogo16x16.png
  artifactKey: Guid(0a9d566b902c9a84087bf3ca3a178e6b) Importer(815301076,1909f56bfc062723c751e8b465ee728b)
Start importing Assets/TopDownEngine/ThirdParty/MoreMountains/MMTools/Tools/MMDebugOnScreen/Sprites/MMLogo16x16.png using Guid(0a9d566b902c9a84087bf3ca3a178e6b) Importer(815301076,1909f56bfc062723c751e8b465ee728b)  -> (artifact id: '025a1cc5b09de4945012b2160fd00666') in 0.034872 seconds 
  Import took 0.041479 seconds .

========================================================================
Received Import Request.
  Time since last request: 0.000222 seconds.
  path: Assets/TopDownEngine/Common/Sprites/ButtonPromptBackground.png
  artifactKey: Guid(705f3a69250bd8649beb8737c75ebb6d) Importer(815301076,1909f56bfc062723c751e8b465ee728b)
Start importing Assets/TopDownEngine/Common/Sprites/ButtonPromptBackground.png using Guid(705f3a69250bd8649beb8737c75ebb6d) Importer(815301076,1909f56bfc062723c751e8b465ee728b)  -> (artifact id: 'b8fd14095567538e92aff6708f47b201') in 0.029818 seconds 
  Import took 0.035374 seconds .

========================================================================
Received Import Request.
  Time since last request: 0.000223 seconds.
  path: Assets/TopDownEngine/Demos/Grasslands/Sprites/GrasslandsWalls.png
  artifactKey: Guid(97d923ae24690884083d62c0d1d9c5c2) Importer(815301076,1909f56bfc062723c751e8b465ee728b)
Start importing Assets/TopDownEngine/Demos/Grasslands/Sprites/GrasslandsWalls.png using Guid(97d923ae24690884083d62c0d1d9c5c2) Importer(815301076,1909f56bfc062723c751e8b465ee728b)  -> (artifact id: '490a697f2e941a7291360f7e453484b9') in 0.147817 seconds 
  Import took 0.155351 seconds .

========================================================================
Received Import Request.
  Time since last request: 0.000203 seconds.
  path: Assets/TopDownEngine/Demos/Grasslands/Sprites/GrasslandsHornsBlue.png
  artifactKey: Guid(1616429a205fd5d4b9a988b76d6a6e57) Importer(815301076,1909f56bfc062723c751e8b465ee728b)
Start importing Assets/TopDownEngine/Demos/Grasslands/Sprites/GrasslandsHornsBlue.png using Guid(1616429a205fd5d4b9a988b76d6a6e57) Importer(815301076,1909f56bfc062723c751e8b465ee728b)  -> (artifact id: 'c82a81a802fe269a38b75f1bbbb24038') in 0.223791 seconds 
  Import took 0.232853 seconds .

========================================================================
Received Import Request.
  Time since last request: 0.000238 seconds.
  path: Assets/TopDownEngine/Demos/Koala2D/Sprites/UI/KoalaHealth.png
  artifactKey: Guid(245e9863fdb205e459b9ded35e58db52) Importer(815301076,1909f56bfc062723c751e8b465ee728b)
Start importing Assets/TopDownEngine/Demos/Koala2D/Sprites/UI/KoalaHealth.png using Guid(245e9863fdb205e459b9ded35e58db52) Importer(815301076,1909f56bfc062723c751e8b465ee728b)  -> (artifact id: '85cfc4a4369396ba493a5aaef2101d86') in 0.050460 seconds 
  Import took 0.057748 seconds .

========================================================================
Received Import Request.
  Time since last request: 0.000240 seconds.
  path: Assets/TopDownEngine/ThirdParty/MoreMountains/MMInterface/Styles/Mini/Sprites/Icons/MMiconSoundOff.png
  artifactKey: Guid(4fdedeada12450943898e7cb3b4b305c) Importer(815301076,1909f56bfc062723c751e8b465ee728b)
Start importing Assets/TopDownEngine/ThirdParty/MoreMountains/MMInterface/Styles/Mini/Sprites/Icons/MMiconSoundOff.png using Guid(4fdedeada12450943898e7cb3b4b305c) Importer(815301076,1909f56bfc062723c751e8b465ee728b)  -> (artifact id: '25b8de0943fa34625503808f085103b0') in 0.030098 seconds 
  Import took 0.037652 seconds .

========================================================================
Received Import Request.
  Time since last request: 0.000192 seconds.
  path: Assets/TopDownEngine/Demos/LevelSelection/Sprites/level-map-minimal3D-sandbox.png
  artifactKey: Guid(39b8b899881de8847b7cbaa8022e3993) Importer(815301076,1909f56bfc062723c751e8b465ee728b)
Start importing Assets/TopDownEngine/Demos/LevelSelection/Sprites/level-map-minimal3D-sandbox.png using Guid(39b8b899881de8847b7cbaa8022e3993) Importer(815301076,1909f56bfc062723c751e8b465ee728b)  -> (artifact id: '139313656ccd92dc2b823694fe0438e5') in 0.038006 seconds 
  Import took 0.044059 seconds .

========================================================================
Received Import Request.
  Time since last request: 0.000333 seconds.
  path: Assets/TopDownEngine/Demos/Koala2D/Sprites/Dungeon/KoalaDungeonSpikes.png
  artifactKey: Guid(306a4b4c97a22184abe1506e4916f416) Importer(815301076,1909f56bfc062723c751e8b465ee728b)
Start importing Assets/TopDownEngine/Demos/Koala2D/Sprites/Dungeon/KoalaDungeonSpikes.png using Guid(306a4b4c97a22184abe1506e4916f416) Importer(815301076,1909f56bfc062723c751e8b465ee728b)  -> (artifact id: '4d3d6e3bdc274c1b09a75f430d4d2371') in 0.035513 seconds 
  Import took 0.041933 seconds .

========================================================================
Received Import Request.
  Time since last request: 0.000241 seconds.
  path: Assets/TopDownEngine/ThirdParty/MoreMountains/MMTools/Tools/MMSceneLoading/Sprites/MoreMountainsLogo.png
  artifactKey: Guid(a5240da7fff0bf34da21c7edff42b1d4) Importer(815301076,1909f56bfc062723c751e8b465ee728b)
Start importing Assets/TopDownEngine/ThirdParty/MoreMountains/MMTools/Tools/MMSceneLoading/Sprites/MoreMountainsLogo.png using Guid(a5240da7fff0bf34da21c7edff42b1d4) Importer(815301076,1909f56bfc062723c751e8b465ee728b)  -> (artifact id: '6586333d47b0fee8c895898d6a1f3f4e') in 0.037871 seconds 
  Import took 0.045485 seconds .

========================================================================
Received Import Request.
  Time since last request: 0.000299 seconds.
  path: Assets/TopDownEngine/Demos/LevelSelection/Sprites/level-map-koala-procedural-tilemap.png
  artifactKey: Guid(abe2f0c48335cd54e8b4c83457fb6efd) Importer(815301076,1909f56bfc062723c751e8b465ee728b)
Start importing Assets/TopDownEngine/Demos/LevelSelection/Sprites/level-map-koala-procedural-tilemap.png using Guid(abe2f0c48335cd54e8b4c83457fb6efd) Importer(815301076,1909f56bfc062723c751e8b465ee728b)  -> (artifact id: 'eddda4b1782452132d75eda57fdefc63') in 0.028727 seconds 
  Import took 0.035190 seconds .

========================================================================
Received Import Request.
  Time since last request: 0.000256 seconds.
  path: Assets/TopDownEngine/Demos/Grasslands/Sprites/GrasslandsHornsGreen.png
  artifactKey: Guid(c30be425ef659cf458d37927932d6c9e) Importer(815301076,1909f56bfc062723c751e8b465ee728b)
Start importing Assets/TopDownEngine/Demos/Grasslands/Sprites/GrasslandsHornsGreen.png using Guid(c30be425ef659cf458d37927932d6c9e) Importer(815301076,1909f56bfc062723c751e8b465ee728b)  -> (artifact id: '0612c9d122fb6ae831c3d1d80c1c4f9b') in 0.226601 seconds 
  Import took 0.232727 seconds .

========================================================================
Received Import Request.
  Time since last request: 0.000254 seconds.
  path: Assets/TopDownEngine/Demos/Koala2D/Sprites/Dungeon/KoalaDungeonPot.png
  artifactKey: Guid(493485af0ed29f443a4cb8953d946ed8) Importer(815301076,1909f56bfc062723c751e8b465ee728b)
Start importing Assets/TopDownEngine/Demos/Koala2D/Sprites/Dungeon/KoalaDungeonPot.png using Guid(493485af0ed29f443a4cb8953d946ed8) Importer(815301076,1909f56bfc062723c751e8b465ee728b)  -> (artifact id: '0f8d69aa938f4a5f627eb1de7d5ec244') in 0.031483 seconds 
  Import took 0.037421 seconds .

========================================================================
Received Import Request.
  Time since last request: 0.000239 seconds.
  path: Assets/TopDownEngine/Demos/Minimal2D/Sprites/Props/MinimalShootingRangeTarget.png
  artifactKey: Guid(5a65424b033550849932ad408e9e1241) Importer(815301076,1909f56bfc062723c751e8b465ee728b)
Start importing Assets/TopDownEngine/Demos/Minimal2D/Sprites/Props/MinimalShootingRangeTarget.png using Guid(5a65424b033550849932ad408e9e1241) Importer(815301076,1909f56bfc062723c751e8b465ee728b)  -> (artifact id: '929dc9bae0d856540468e24bb6df50cf') in 0.032953 seconds 
  Import took 0.041478 seconds .

========================================================================
Received Import Request.
  Time since last request: 0.000342 seconds.
  path: Assets/TopDownEngine/Demos/Minimal2D/Sprites/Background/MinimalGridGround.png
  artifactKey: Guid(e1f4864314329ea43928aafc60f3bd28) Importer(815301076,1909f56bfc062723c751e8b465ee728b)
Start importing Assets/TopDownEngine/Demos/Minimal2D/Sprites/Background/MinimalGridGround.png using Guid(e1f4864314329ea43928aafc60f3bd28) Importer(815301076,1909f56bfc062723c751e8b465ee728b)  -> (artifact id: '2b9f335206cffd8ca088573153ba771d') in 0.032154 seconds 
  Import took 0.038471 seconds .

========================================================================
Received Import Request.
  Time since last request: 0.000262 seconds.
  path: Assets/TopDownEngine/Demos/Grasslands/Sprites/GrasslandsHornsRed.png
  artifactKey: Guid(1daac6a1ab2f1b34a8faba74c9e126f9) Importer(815301076,1909f56bfc062723c751e8b465ee728b)
Start importing Assets/TopDownEngine/Demos/Grasslands/Sprites/GrasslandsHornsRed.png using Guid(1daac6a1ab2f1b34a8faba74c9e126f9) Importer(815301076,1909f56bfc062723c751e8b465ee728b)  -> (artifact id: 'a2be59082e2bfd585aca1b89083c32a8') in 0.215104 seconds 
  Import took 0.224391 seconds .

========================================================================
Received Import Request.
  Time since last request: 0.000266 seconds.
  path: Assets/TopDownEngine/ThirdParty/MoreMountains/MMTools/Tools/MMAchievements/Sprites/AchievementBackground.png
  artifactKey: Guid(cecdbf60b0c9d47c9a26b99a41425de0) Importer(815301076,1909f56bfc062723c751e8b465ee728b)
Start importing Assets/TopDownEngine/ThirdParty/MoreMountains/MMTools/Tools/MMAchievements/Sprites/AchievementBackground.png using Guid(cecdbf60b0c9d47c9a26b99a41425de0) Importer(815301076,1909f56bfc062723c751e8b465ee728b)  -> (artifact id: 'c7c1d9925de036af10d07adc7f1d7f17') in 0.030176 seconds 
  Import took 0.036327 seconds .

========================================================================
Received Import Request.
  Time since last request: 0.000247 seconds.
  path: Assets/TopDownEngine/Demos/Koala2D/Sprites/Dungeon/KoalaDungeonGroundOrange.png
  artifactKey: Guid(f289ba8994ad88e42b73769365155321) Importer(815301076,1909f56bfc062723c751e8b465ee728b)
Start importing Assets/TopDownEngine/Demos/Koala2D/Sprites/Dungeon/KoalaDungeonGroundOrange.png using Guid(f289ba8994ad88e42b73769365155321) Importer(815301076,1909f56bfc062723c751e8b465ee728b)  -> (artifact id: '9271fe363822187d3cceff7376d8956c') in 0.172761 seconds 
  Import took 0.178943 seconds .

========================================================================
Received Import Request.
  Time since last request: 0.000238 seconds.
  path: Assets/TopDownEngine/ThirdParty/MoreMountains/InventoryEngine/Demos/PixelRogue/Sprites/PixelInventorySlots.png
  artifactKey: Guid(bda834b2a65fffa42b0cb8ee84b4b852) Importer(815301076,1909f56bfc062723c751e8b465ee728b)
Start importing Assets/TopDownEngine/ThirdParty/MoreMountains/InventoryEngine/Demos/PixelRogue/Sprites/PixelInventorySlots.png using Guid(bda834b2a65fffa42b0cb8ee84b4b852) Importer(815301076,1909f56bfc062723c751e8b465ee728b)  -> (artifact id: '2dcbaaa0233585a5ef5147da4ca6f583') in 0.060573 seconds 
  Import took 0.068753 seconds .

========================================================================
Received Import Request.
  Time since last request: 0.000298 seconds.
  path: Assets/TopDownEngine/Demos/LevelSelection/Sprites/level-map-koala-dungeon.png
  artifactKey: Guid(b5307bb468bcc474d96b532724db7510) Importer(815301076,1909f56bfc062723c751e8b465ee728b)
Start importing Assets/TopDownEngine/Demos/LevelSelection/Sprites/level-map-koala-dungeon.png using Guid(b5307bb468bcc474d96b532724db7510) Importer(815301076,1909f56bfc062723c751e8b465ee728b)  -> (artifact id: '5cd170c70f5d3eb38dacad4c47f319b5') in 0.030839 seconds 
  Import took 0.037593 seconds .

========================================================================
Received Import Request.
  Time since last request: 0.000250 seconds.
  path: Assets/TopDownEngine/ThirdParty/MoreMountains/InventoryEngine/Demos/PixelRogue/Sprites/Adventurer.png
  artifactKey: Guid(e8e3b7691aa7ca7458f64e04cb4830bf) Importer(815301076,1909f56bfc062723c751e8b465ee728b)
Start importing Assets/TopDownEngine/ThirdParty/MoreMountains/InventoryEngine/Demos/PixelRogue/Sprites/Adventurer.png using Guid(e8e3b7691aa7ca7458f64e04cb4830bf) Importer(815301076,1909f56bfc062723c751e8b465ee728b)  -> (artifact id: 'deb21dfade88b78d9b1e75d697a09caf') in 0.071389 seconds 
  Import took 0.079822 seconds .

========================================================================
Received Import Request.
  Time since last request: 0.000414 seconds.
  path: Assets/TopDownEngine/ThirdParty/MoreMountains/MMTools/Tools/MMAchievements/Sprites/AchievementBackgroundUnlocked.png
  artifactKey: Guid(c379ef0fb8ae144a5b0a0b1d0c02d125) Importer(815301076,1909f56bfc062723c751e8b465ee728b)
Start importing Assets/TopDownEngine/ThirdParty/MoreMountains/MMTools/Tools/MMAchievements/Sprites/AchievementBackgroundUnlocked.png using Guid(c379ef0fb8ae144a5b0a0b1d0c02d125) Importer(815301076,1909f56bfc062723c751e8b465ee728b)  -> (artifact id: '8a80630f75ea1ec5cf84044414a49d89') in 0.035789 seconds 
  Import took 0.044448 seconds .

========================================================================
Received Import Request.
  Time since last request: 0.000248 seconds.
  path: Assets/TopDownEngine/Demos/Koala2D/Sprites/Dungeon/KoalaDungeonSwitch.png
  artifactKey: Guid(4008a82543ff9fd4ca0ef39a6746b2b2) Importer(815301076,1909f56bfc062723c751e8b465ee728b)
Start importing Assets/TopDownEngine/Demos/Koala2D/Sprites/Dungeon/KoalaDungeonSwitch.png using Guid(4008a82543ff9fd4ca0ef39a6746b2b2) Importer(815301076,1909f56bfc062723c751e8b465ee728b)  -> (artifact id: '78fd511eb8b821d533c26759fe05988c') in 0.031573 seconds 
  Import took 0.038241 seconds .

========================================================================
Received Import Request.
  Time since last request: 0.000222 seconds.
  path: Assets/TopDownEngine/Common/Sprites/hearts.png
  artifactKey: Guid(fd3e8a5dddc0c4303a50db082a04835d) Importer(815301076,1909f56bfc062723c751e8b465ee728b)
Start importing Assets/TopDownEngine/Common/Sprites/hearts.png using Guid(fd3e8a5dddc0c4303a50db082a04835d) Importer(815301076,1909f56bfc062723c751e8b465ee728b)  -> (artifact id: 'ede140667a40d297dbc183f196ff03da') in 0.033711 seconds 
  Import took 0.039628 seconds .

========================================================================
Received Import Request.
  Time since last request: 0.000255 seconds.
  path: Assets/TopDownEngine/Demos/Minimal3D/Prefabs/PrototypeProps/Textures/Minimal3D_moving-yellow.png
  artifactKey: Guid(ae0e6b0d525f0fe44bb0ec406fe3269b) Importer(815301076,1909f56bfc062723c751e8b465ee728b)
Start importing Assets/TopDownEngine/Demos/Minimal3D/Prefabs/PrototypeProps/Textures/Minimal3D_moving-yellow.png using Guid(ae0e6b0d525f0fe44bb0ec406fe3269b) Importer(815301076,1909f56bfc062723c751e8b465ee728b)  -> (artifact id: 'b3a167aa65179e5a801324b118ad8296') in 0.031641 seconds 
  Import took 0.038200 seconds .

========================================================================
Received Import Request.
  Time since last request: 0.000293 seconds.
  path: Assets/TopDownEngine/Demos/Koala2D/Sprites/Dungeon/KoalaDungeonDoorsVertical.png
  artifactKey: Guid(f5f1e19b6cf4f294aa5dd90c42db7090) Importer(815301076,1909f56bfc062723c751e8b465ee728b)
Start importing Assets/TopDownEngine/Demos/Koala2D/Sprites/Dungeon/KoalaDungeonDoorsVertical.png using Guid(f5f1e19b6cf4f294aa5dd90c42db7090) Importer(815301076,1909f56bfc062723c751e8b465ee728b)  -> (artifact id: '169eacd7092766f415324e862861e58f') in 0.038569 seconds 
  Import took 0.046324 seconds .

========================================================================
Received Import Request.
  Time since last request: 0.000282 seconds.
  path: Assets/TopDownEngine/Demos/Minimal3D/Prefabs/PrototypeProps/Textures/Minimal3D_falling-yellow.png
  artifactKey: Guid(9e4cb5d3a60a00441b05f465b34821f5) Importer(815301076,1909f56bfc062723c751e8b465ee728b)
Start importing Assets/TopDownEngine/Demos/Minimal3D/Prefabs/PrototypeProps/Textures/Minimal3D_falling-yellow.png using Guid(9e4cb5d3a60a00441b05f465b34821f5) Importer(815301076,1909f56bfc062723c751e8b465ee728b)  -> (artifact id: '15442265d5127e98175515df84fe2f14') in 0.033599 seconds 
  Import took 0.039821 seconds .

========================================================================
Received Import Request.
  Time since last request: 0.000270 seconds.
  path: Assets/TopDownEngine/Demos/LevelSelection/Sprites/level-map-grasslands.png
  artifactKey: Guid(3b2742d373e8b9d4986b396640cbf222) Importer(815301076,1909f56bfc062723c751e8b465ee728b)
Start importing Assets/TopDownEngine/Demos/LevelSelection/Sprites/level-map-grasslands.png using Guid(3b2742d373e8b9d4986b396640cbf222) Importer(815301076,1909f56bfc062723c751e8b465ee728b)  -> (artifact id: 'ca28c67beab97cf8304cce7aa591d7d7') in 0.033104 seconds 
  Import took 0.038872 seconds .

========================================================================
Received Import Request.
  Time since last request: 0.000281 seconds.
  path: Assets/TopDownEngine/Demos/Koala2D/Sprites/Dungeon/KoalaDungeonDoors.png
  artifactKey: Guid(a4eb8ed9f5b552e43a3fe9fa39136185) Importer(815301076,1909f56bfc062723c751e8b465ee728b)
Start importing Assets/TopDownEngine/Demos/Koala2D/Sprites/Dungeon/KoalaDungeonDoors.png using Guid(a4eb8ed9f5b552e43a3fe9fa39136185) Importer(815301076,1909f56bfc062723c751e8b465ee728b)  -> (artifact id: '7aaea9c4bb747e9c8363a088f4383521') in 0.060030 seconds 
  Import took 0.065942 seconds .

========================================================================
Received Import Request.
  Time since last request: 0.000240 seconds.
  path: Assets/TopDownEngine/ThirdParty/MoreMountains/MMInterface/Styles/Mini/Sprites/RoundCornersFilled.png
  artifactKey: Guid(903ebb261cd0f234486d3ca066078894) Importer(815301076,1909f56bfc062723c751e8b465ee728b)
Start importing Assets/TopDownEngine/ThirdParty/MoreMountains/MMInterface/Styles/Mini/Sprites/RoundCornersFilled.png using Guid(903ebb261cd0f234486d3ca066078894) Importer(815301076,1909f56bfc062723c751e8b465ee728b)  -> (artifact id: 'f4a2415a05a48794b57f12aeb74c55a6') in 0.027744 seconds 
  Import took 0.035925 seconds .

========================================================================
Received Import Request.
  Time since last request: 0.000225 seconds.
  path: Assets/TopDownEngine/ThirdParty/MoreMountains/MMInterface/Styles/Mini/Sprites/Avatars.png
  artifactKey: Guid(079f5a8d00f74c84181be0a872b4c39d) Importer(815301076,1909f56bfc062723c751e8b465ee728b)
Start importing Assets/TopDownEngine/ThirdParty/MoreMountains/MMInterface/Styles/Mini/Sprites/Avatars.png using Guid(079f5a8d00f74c84181be0a872b4c39d) Importer(815301076,1909f56bfc062723c751e8b465ee728b)  -> (artifact id: '02050e1e5395577f67e56102dd9d32c6') in 0.050710 seconds 
  Import took 0.057118 seconds .

========================================================================
Received Import Request.
  Time since last request: 0.000311 seconds.
  path: Assets/TopDownEngine/Demos/Grasslands/Sprites/GrasslandsHornsBW.png
  artifactKey: Guid(f74db78b33371ee4b8fa50543fd84a7c) Importer(815301076,1909f56bfc062723c751e8b465ee728b)
Start importing Assets/TopDownEngine/Demos/Grasslands/Sprites/GrasslandsHornsBW.png using Guid(f74db78b33371ee4b8fa50543fd84a7c) Importer(815301076,1909f56bfc062723c751e8b465ee728b)  -> (artifact id: 'c87dd9be522ce965d2a43e03f8ade361') in 0.035675 seconds 
  Import took 0.043554 seconds .

========================================================================
Received Import Request.
  Time since last request: 0.000261 seconds.
  path: Assets/TopDownEngine/Demos/Koala2D/Sprites/Dungeon/KoalaDungeonGateVertical.png
  artifactKey: Guid(136069d21ce4b5a4a860a4c73ec21129) Importer(815301076,1909f56bfc062723c751e8b465ee728b)
Start importing Assets/TopDownEngine/Demos/Koala2D/Sprites/Dungeon/KoalaDungeonGateVertical.png using Guid(136069d21ce4b5a4a860a4c73ec21129) Importer(815301076,1909f56bfc062723c751e8b465ee728b)  -> (artifact id: '7fcb96f1fa235def13f49c495d7efde6') in 0.034523 seconds 
  Import took 0.041881 seconds .

========================================================================
Received Import Request.
  Time since last request: 0.000247 seconds.
  path: Assets/TopDownEngine/Demos/Colonel/Sprites/ColonelAimDirectionMarker.png
  artifactKey: Guid(19a7ad9f4fa0643419e858797963867b) Importer(815301076,1909f56bfc062723c751e8b465ee728b)
Start importing Assets/TopDownEngine/Demos/Colonel/Sprites/ColonelAimDirectionMarker.png using Guid(19a7ad9f4fa0643419e858797963867b) Importer(815301076,1909f56bfc062723c751e8b465ee728b)  -> (artifact id: '9946bf772caa6f02b24d1108503ccf09') in 0.028037 seconds 
  Import took 0.034182 seconds .

========================================================================
Received Import Request.
  Time since last request: 0.000257 seconds.
  path: Assets/TopDownEngine/Demos/Koala2D/Sprites/Dungeon/KoalaDungeonTorches.png
  artifactKey: Guid(2b627e75975d975428eaa07a643eb6be) Importer(815301076,1909f56bfc062723c751e8b465ee728b)
Start importing Assets/TopDownEngine/Demos/Koala2D/Sprites/Dungeon/KoalaDungeonTorches.png using Guid(2b627e75975d975428eaa07a643eb6be) Importer(815301076,1909f56bfc062723c751e8b465ee728b)  -> (artifact id: '982c05454d772bf7dbcbc6dc7d72e0f4') in 0.051466 seconds 
  Import took 0.058431 seconds .

========================================================================
Received Import Request.
  Time since last request: 0.000344 seconds.
  path: Assets/TopDownEngine/Demos/Koala2D/Sprites/Koala/KoalaSwordSlash3.png
  artifactKey: Guid(e3e880d389039ac4a93aa907f8e9e8b3) Importer(815301076,1909f56bfc062723c751e8b465ee728b)
Start importing Assets/TopDownEngine/Demos/Koala2D/Sprites/Koala/KoalaSwordSlash3.png using Guid(e3e880d389039ac4a93aa907f8e9e8b3) Importer(815301076,1909f56bfc062723c751e8b465ee728b)  -> (artifact id: '01059076e0a7e9c70bd09556f3f89799') in 0.064676 seconds 
  Import took 0.071745 seconds .

========================================================================
Received Import Request.
  Time since last request: 0.000204 seconds.
  path: Assets/TopDownEngine/Demos/LevelSelection/Sprites/level-map-minimal3D.png
  artifactKey: Guid(02d16466aa585cd41b691faa11324269) Importer(815301076,1909f56bfc062723c751e8b465ee728b)
Start importing Assets/TopDownEngine/Demos/LevelSelection/Sprites/level-map-minimal3D.png using Guid(02d16466aa585cd41b691faa11324269) Importer(815301076,1909f56bfc062723c751e8b465ee728b)  -> (artifact id: '1c6c0d628a316fa8490ee89e339c4f8c') in 0.033330 seconds 
  Import took 0.039985 seconds .

========================================================================
Received Import Request.
  Time since last request: 0.000269 seconds.
  path: Assets/TopDownEngine/Demos/Grasslands/Sprites/GrasslandsLeaf.png
  artifactKey: Guid(ce10d3a77ed4dad4bb2ae0c76baa641b) Importer(815301076,1909f56bfc062723c751e8b465ee728b)
Start importing Assets/TopDownEngine/Demos/Grasslands/Sprites/GrasslandsLeaf.png using Guid(ce10d3a77ed4dad4bb2ae0c76baa641b) Importer(815301076,1909f56bfc062723c751e8b465ee728b)  -> (artifact id: '76bb6fd3a38e422abcda5a749f960d36') in 0.031414 seconds 
  Import took 0.037972 seconds .

========================================================================
Received Import Request.
  Time since last request: 0.000279 seconds.
  path: Assets/TopDownEngine/Demos/Minimal2D/Sprites/MinimalCharacter.png
  artifactKey: Guid(eeb68d44a260e964584c4310ad5add3a) Importer(815301076,1909f56bfc062723c751e8b465ee728b)
Start importing Assets/TopDownEngine/Demos/Minimal2D/Sprites/MinimalCharacter.png using Guid(eeb68d44a260e964584c4310ad5add3a) Importer(815301076,1909f56bfc062723c751e8b465ee728b)  -> (artifact id: '89779da4b308b0251b9ada19a7fc909a') in 0.035925 seconds 
  Import took 0.042633 seconds .

========================================================================
Received Import Request.
  Time since last request: 0.000214 seconds.
  path: Assets/TopDownEngine/ThirdParty/MoreMountains/MMTools/Tools/MMAchievements/Sprites/AchievementIcon.png
  artifactKey: Guid(16a86a7f581fc4dfb953e0df8ad3ecac) Importer(815301076,1909f56bfc062723c751e8b465ee728b)
Start importing Assets/TopDownEngine/ThirdParty/MoreMountains/MMTools/Tools/MMAchievements/Sprites/AchievementIcon.png using Guid(16a86a7f581fc4dfb953e0df8ad3ecac) Importer(815301076,1909f56bfc062723c751e8b465ee728b)  -> (artifact id: '7ce95065c61eedb5ad17480c7b8a84e8') in 0.035643 seconds 
  Import took 0.042091 seconds .

========================================================================
Received Import Request.
  Time since last request: 0.000271 seconds.
  path: Assets/TopDownEngine/Demos/LevelSelection/Sprites/level-map-minimal3D-ai.png
  artifactKey: Guid(33ca79d8cb4e733489a10057551bdc76) Importer(815301076,1909f56bfc062723c751e8b465ee728b)
Start importing Assets/TopDownEngine/Demos/LevelSelection/Sprites/level-map-minimal3D-ai.png using Guid(33ca79d8cb4e733489a10057551bdc76) Importer(815301076,1909f56bfc062723c751e8b465ee728b)  -> (artifact id: 'b9dcd3567ec8ec34bffd5729ce6721d5') in 0.031181 seconds 
  Import took 0.037508 seconds .

========================================================================
Received Import Request.
  Time since last request: 0.000248 seconds.
  path: Assets/TopDownEngine/Demos/Grasslands/Sprites/GrasslandsWater.png
  artifactKey: Guid(704c91aaf5f4d2849870d811230cfc61) Importer(815301076,1909f56bfc062723c751e8b465ee728b)
Start importing Assets/TopDownEngine/Demos/Grasslands/Sprites/GrasslandsWater.png using Guid(704c91aaf5f4d2849870d811230cfc61) Importer(815301076,1909f56bfc062723c751e8b465ee728b)  -> (artifact id: 'a2a7b811d8d91357871bf19e02111665') in 0.165713 seconds 
  Import took 0.171724 seconds .

========================================================================
Received Import Request.
  Time since last request: 0.000216 seconds.
  path: Assets/TopDownEngine/Common/Sprites/ButtonPrompt.png
  artifactKey: Guid(12c99d7ff76d10f43a20564d8cbf9449) Importer(815301076,1909f56bfc062723c751e8b465ee728b)
Start importing Assets/TopDownEngine/Common/Sprites/ButtonPrompt.png using Guid(12c99d7ff76d10f43a20564d8cbf9449) Importer(815301076,1909f56bfc062723c751e8b465ee728b)  -> (artifact id: 'a2f236437bc03f6cb5b707a74c5a1878') in 0.033231 seconds 
  Import took 0.042340 seconds .

========================================================================
Received Import Request.
  Time since last request: 0.000275 seconds.
  path: Assets/TopDownEngine/Demos/Koala2D/Sprites/Koala/KoalaSwordIdle.png
  artifactKey: Guid(63bbc3a420e7c1749af6342fd3dd09b8) Importer(815301076,1909f56bfc062723c751e8b465ee728b)
Start importing Assets/TopDownEngine/Demos/Koala2D/Sprites/Koala/KoalaSwordIdle.png using Guid(63bbc3a420e7c1749af6342fd3dd09b8) Importer(815301076,1909f56bfc062723c751e8b465ee728b)  -> (artifact id: '88e6e6b1ec12803fb962a232cbed004b') in 0.053444 seconds 
  Import took 0.060806 seconds .

========================================================================
Received Import Request.
  Time since last request: 0.000206 seconds.
  path: Assets/TopDownEngine/Demos/Koala2D/Sprites/Dungeon/KoalaDungeonChest.png
  artifactKey: Guid(d6fc8cff49aa7d346a192f59c650df8b) Importer(815301076,1909f56bfc062723c751e8b465ee728b)
Start importing Assets/TopDownEngine/Demos/Koala2D/Sprites/Dungeon/KoalaDungeonChest.png using Guid(d6fc8cff49aa7d346a192f59c650df8b) Importer(815301076,1909f56bfc062723c751e8b465ee728b)  -> (artifact id: 'c4d11d82ec75fb2b8115a5367c5f2941') in 0.036515 seconds 
  Import took 0.044907 seconds .

========================================================================
Received Import Request.
  Time since last request: 0.000250 seconds.
  path: Assets/TopDownEngine/Demos/LevelSelection/Sprites/level-map-tanks.png
  artifactKey: Guid(9d1f116fd82f94a4cae117dd11fef872) Importer(815301076,1909f56bfc062723c751e8b465ee728b)
Start importing Assets/TopDownEngine/Demos/LevelSelection/Sprites/level-map-tanks.png using Guid(9d1f116fd82f94a4cae117dd11fef872) Importer(815301076,1909f56bfc062723c751e8b465ee728b)  -> (artifact id: '714b6aafb76f39339ab671e2ef69547d') in 0.029111 seconds 
  Import took 0.035858 seconds .

========================================================================
Received Import Request.
  Time since last request: 0.000378 seconds.
  path: Assets/TopDownEngine/ThirdParty/MoreMountains/InventoryEngine/Demos/PixelRogue/Sprites/AdventurerItems.png
  artifactKey: Guid(678058abcbfe36f42902c11d9e5f64fc) Importer(815301076,1909f56bfc062723c751e8b465ee728b)
Start importing Assets/TopDownEngine/ThirdParty/MoreMountains/InventoryEngine/Demos/PixelRogue/Sprites/AdventurerItems.png using Guid(678058abcbfe36f42902c11d9e5f64fc) Importer(815301076,1909f56bfc062723c751e8b465ee728b)  -> (artifact id: 'da4cf21b9f1007a725d59e12333cff3a') in 0.081600 seconds 
  Import took 0.089555 seconds .

========================================================================
Received Import Request.
  Time since last request: 0.000243 seconds.
  path: Assets/TopDownEngine/ThirdParty/MoreMountains/MMTools/Tools/MMSceneLoading/Sprites/LoadingCompleteAnimation.png
  artifactKey: Guid(109174f54ddf71a4fbe62bf30e9cf0e0) Importer(815301076,1909f56bfc062723c751e8b465ee728b)
Start importing Assets/TopDownEngine/ThirdParty/MoreMountains/MMTools/Tools/MMSceneLoading/Sprites/LoadingCompleteAnimation.png using Guid(109174f54ddf71a4fbe62bf30e9cf0e0) Importer(815301076,1909f56bfc062723c751e8b465ee728b)  -> (artifact id: '940f4e49bd15508b15dc6b868c2b5869') in 0.082817 seconds 
  Import took 0.089250 seconds .

========================================================================
Received Import Request.
  Time since last request: 0.000307 seconds.
  path: Assets/TopDownEngine/Demos/LevelSelection/Sprites/level-map-minimal3D-pathfinding.png
  artifactKey: Guid(52445f42077a7b84a83822614b4a6686) Importer(815301076,1909f56bfc062723c751e8b465ee728b)
Start importing Assets/TopDownEngine/Demos/LevelSelection/Sprites/level-map-minimal3D-pathfinding.png using Guid(52445f42077a7b84a83822614b4a6686) Importer(815301076,1909f56bfc062723c751e8b465ee728b)  -> (artifact id: '16002fb7a117fc7d9f3f6d38616126a0') in 0.034215 seconds 
  Import took 0.042534 seconds .

========================================================================
Received Import Request.
  Time since last request: 0.000354 seconds.
  path: Assets/TopDownEngine/Demos/LevelSelection/Sprites/level-map-minimal3D-rooms.png
  artifactKey: Guid(d93510f25c311a24b869dc4961ec4f11) Importer(815301076,1909f56bfc062723c751e8b465ee728b)
Start importing Assets/TopDownEngine/Demos/LevelSelection/Sprites/level-map-minimal3D-rooms.png using Guid(d93510f25c311a24b869dc4961ec4f11) Importer(815301076,1909f56bfc062723c751e8b465ee728b)  -> (artifact id: 'a41bb5b5f83a27d2e3bbc157e06d91d4') in 0.033064 seconds 
  Import took 0.042583 seconds .

========================================================================
Received Import Request.
  Time since last request: 0.000318 seconds.
  path: Assets/TopDownEngine/Demos/LevelSelection/Sprites/level-map-minimal3D-performance.png
  artifactKey: Guid(34f38003cfa7d8946a4c8aee3105c9b3) Importer(815301076,1909f56bfc062723c751e8b465ee728b)
Start importing Assets/TopDownEngine/Demos/LevelSelection/Sprites/level-map-minimal3D-performance.png using Guid(34f38003cfa7d8946a4c8aee3105c9b3) Importer(815301076,1909f56bfc062723c751e8b465ee728b)  -> (artifact id: '78d57b4ead495a43cf867379a53561af') in 0.032319 seconds 
  Import took 0.041171 seconds .

========================================================================
Received Import Request.
  Time since last request: 0.000277 seconds.
  path: Assets/TopDownEngine/Demos/Koala2D/Sprites/Koala/KoalaJump.png
  artifactKey: Guid(ffb15497d8d0e22429561ed59da987ec) Importer(815301076,1909f56bfc062723c751e8b465ee728b)
Start importing Assets/TopDownEngine/Demos/Koala2D/Sprites/Koala/KoalaJump.png using Guid(ffb15497d8d0e22429561ed59da987ec) Importer(815301076,1909f56bfc062723c751e8b465ee728b)  -> (artifact id: '38f9ab829da29736031206d7c8a35231') in 0.076757 seconds 
  Import took 0.083270 seconds .

========================================================================
Received Import Request.
  Time since last request: 0.000198 seconds.
  path: Assets/TopDownEngine/Demos/Koala2D/Sprites/Dungeon/KoalaDungeonWalls.png
  artifactKey: Guid(f83c201346bd04c9195d099e281283e6) Importer(815301076,1909f56bfc062723c751e8b465ee728b)
Start importing Assets/TopDownEngine/Demos/Koala2D/Sprites/Dungeon/KoalaDungeonWalls.png using Guid(f83c201346bd04c9195d099e281283e6) Importer(815301076,1909f56bfc062723c751e8b465ee728b)  -> (artifact id: '1e2237b813c89a208df4ac5cfca7f5bf') in 0.154957 seconds 
  Import took 0.162681 seconds .

========================================================================
Received Import Request.
  Time since last request: 0.000183 seconds.
  path: Assets/TopDownEngine/Demos/Colonel/Sprites/ColonelAimMarker.png
  artifactKey: Guid(c1499a9e3d984a6418e08f4a83861911) Importer(815301076,1909f56bfc062723c751e8b465ee728b)
Start importing Assets/TopDownEngine/Demos/Colonel/Sprites/ColonelAimMarker.png using Guid(c1499a9e3d984a6418e08f4a83861911) Importer(815301076,1909f56bfc062723c751e8b465ee728b)  -> (artifact id: 'a9dd0a78b467b96591b3b95b38f8c71b') in 0.035882 seconds 
  Import took 0.042465 seconds .

========================================================================
Received Import Request.
  Time since last request: 0.000234 seconds.
  path: Assets/TopDownEngine/Demos/Koala2D/Sprites/Koala/KoalaDashParticle.png
  artifactKey: Guid(f958c983dd7ffa94183dff07c6179670) Importer(815301076,1909f56bfc062723c751e8b465ee728b)
Start importing Assets/TopDownEngine/Demos/Koala2D/Sprites/Koala/KoalaDashParticle.png using Guid(f958c983dd7ffa94183dff07c6179670) Importer(815301076,1909f56bfc062723c751e8b465ee728b)  -> (artifact id: '457e99710c4208258d24a521fa6061ce') in 0.027521 seconds 
  Import took 0.034647 seconds .

========================================================================
Received Import Request.
  Time since last request: 0.000301 seconds.
  path: Assets/TopDownEngine/ThirdParty/MoreMountains/MMInterface/Styles/Mini/Sprites/Icons/MMIconLock.png
  artifactKey: Guid(ec2074d44955adc4fbd213475fb575e4) Importer(815301076,1909f56bfc062723c751e8b465ee728b)
Start importing Assets/TopDownEngine/ThirdParty/MoreMountains/MMInterface/Styles/Mini/Sprites/Icons/MMIconLock.png using Guid(ec2074d44955adc4fbd213475fb575e4) Importer(815301076,1909f56bfc062723c751e8b465ee728b)  -> (artifact id: 'a3afe8bc1baabbaff3c565276d5ada04') in 0.033300 seconds 
  Import took 0.039468 seconds .

========================================================================
Received Import Request.
  Time since last request: 0.000256 seconds.
  path: Assets/TopDownEngine/ThirdParty/MoreMountains/MMInterface/Styles/Mini/Sprites/Icons/MMIconSoundOn.png
  artifactKey: Guid(21d9f3ee932343240bec2d4eb6f34968) Importer(815301076,1909f56bfc062723c751e8b465ee728b)
Start importing Assets/TopDownEngine/ThirdParty/MoreMountains/MMInterface/Styles/Mini/Sprites/Icons/MMIconSoundOn.png using Guid(21d9f3ee932343240bec2d4eb6f34968) Importer(815301076,1909f56bfc062723c751e8b465ee728b)  -> (artifact id: 'd64071ddd380921f462f4d816a49e2e2') in 0.033005 seconds 
  Import took 0.041874 seconds .

========================================================================
Received Import Request.
  Time since last request: 0.000257 seconds.
  path: Assets/TopDownEngine/Demos/LevelSelection/Sprites/level-map-explodudes.png
  artifactKey: Guid(20121b0adf2801d46a0c20592d1f42e8) Importer(815301076,1909f56bfc062723c751e8b465ee728b)
Start importing Assets/TopDownEngine/Demos/LevelSelection/Sprites/level-map-explodudes.png using Guid(20121b0adf2801d46a0c20592d1f42e8) Importer(815301076,1909f56bfc062723c751e8b465ee728b)  -> (artifact id: '73fb80f9b315d7fb0a8cc23fa784ef6c') in 0.035143 seconds 
  Import took 0.043280 seconds .

========================================================================
Received Import Request.
  Time since last request: 0.000277 seconds.
  path: Assets/TopDownEngine/ThirdParty/MoreMountains/MMInterface/Styles/Mini/Sprites/Icons/MMIconStar.png
  artifactKey: Guid(f7cfde81d3ad28a409077515c4268666) Importer(815301076,1909f56bfc062723c751e8b465ee728b)
Start importing Assets/TopDownEngine/ThirdParty/MoreMountains/MMInterface/Styles/Mini/Sprites/Icons/MMIconStar.png using Guid(f7cfde81d3ad28a409077515c4268666) Importer(815301076,1909f56bfc062723c751e8b465ee728b)  -> (artifact id: '66e5ddb54aed4d6cab7a0c6485d36f2f') in 0.029194 seconds 
  Import took 0.038755 seconds .

========================================================================
Received Import Request.
  Time since last request: 0.000280 seconds.
  path: Assets/TopDownEngine/Demos/Explodudes/Textures/ExploDudesLogo.png
  artifactKey: Guid(a02198c4249fa8c4d8ff5fef0247bca6) Importer(815301076,1909f56bfc062723c751e8b465ee728b)
Start importing Assets/TopDownEngine/Demos/Explodudes/Textures/ExploDudesLogo.png using Guid(a02198c4249fa8c4d8ff5fef0247bca6) Importer(815301076,1909f56bfc062723c751e8b465ee728b)  -> (artifact id: '9a9d72eb3566db0ddd5a04bf207676b2') in 0.041243 seconds 
  Import took 0.048171 seconds .

========================================================================
Received Import Request.
  Time since last request: 0.000230 seconds.
  path: Assets/TopDownEngine/Demos/Minimal2D/Sprites/Blocks/Minimal2DBlocks.png
  artifactKey: Guid(dbb1ff0fb3145da4581e36c16ce3cb72) Importer(815301076,1909f56bfc062723c751e8b465ee728b)
Start importing Assets/TopDownEngine/Demos/Minimal2D/Sprites/Blocks/Minimal2DBlocks.png using Guid(dbb1ff0fb3145da4581e36c16ce3cb72) Importer(815301076,1909f56bfc062723c751e8b465ee728b)  -> (artifact id: 'f2a796637e01f9372d29f71a387443fa') in 0.251598 seconds 
  Import took 0.259007 seconds .

========================================================================
Received Import Request.
  Time since last request: 0.000211 seconds.
  path: Assets/TopDownEngine/Demos/Koala2D/Sprites/Koala/KoalaDamage.png
  artifactKey: Guid(a2b42e5fcd474cb448f781bb482e2962) Importer(815301076,1909f56bfc062723c751e8b465ee728b)
Start importing Assets/TopDownEngine/Demos/Koala2D/Sprites/Koala/KoalaDamage.png using Guid(a2b42e5fcd474cb448f781bb482e2962) Importer(815301076,1909f56bfc062723c751e8b465ee728b)  -> (artifact id: '0b8859d4fa3a09e62f7f6a2f45eee47b') in 0.032467 seconds 
  Import took 0.039295 seconds .

========================================================================
Received Import Request.
  Time since last request: 0.000266 seconds.
  path: Assets/TopDownEngine/Demos/Koala2D/Sprites/Weapons/KoalaPickups.png
  artifactKey: Guid(22132c6b69a48954b9505792504dca22) Importer(815301076,1909f56bfc062723c751e8b465ee728b)
Start importing Assets/TopDownEngine/Demos/Koala2D/Sprites/Weapons/KoalaPickups.png using Guid(22132c6b69a48954b9505792504dca22) Importer(815301076,1909f56bfc062723c751e8b465ee728b)  -> (artifact id: 'f6a2f67d35196887f45519c17c68d0e0') in 0.085520 seconds 
  Import took 0.093686 seconds .

========================================================================
Received Import Request.
  Time since last request: 0.000199 seconds.
  path: Assets/TopDownEngine/Common/Sprites/AchievementIcons.png
  artifactKey: Guid(acc0224da40bd614eaa39fa27daa0b19) Importer(815301076,1909f56bfc062723c751e8b465ee728b)
Start importing Assets/TopDownEngine/Common/Sprites/AchievementIcons.png using Guid(acc0224da40bd614eaa39fa27daa0b19) Importer(815301076,1909f56bfc062723c751e8b465ee728b)  -> (artifact id: 'ea0bdc97296e1253abce77839bdc2c79') in 0.108710 seconds 
  Import took 0.115919 seconds .

========================================================================
Received Import Request.
  Time since last request: 0.000352 seconds.
  path: Assets/TopDownEngine/ThirdParty/MoreMountains/MMTools/Tools/MMVFX/MMPalette/MMLowPolyPalette.png
  artifactKey: Guid(0f7538ff15051d14c9a387d4773180bc) Importer(815301076,1909f56bfc062723c751e8b465ee728b)
Start importing Assets/TopDownEngine/ThirdParty/MoreMountains/MMTools/Tools/MMVFX/MMPalette/MMLowPolyPalette.png using Guid(0f7538ff15051d14c9a387d4773180bc) Importer(815301076,1909f56bfc062723c751e8b465ee728b)  -> (artifact id: '11bfe5e87fabb47e3141d5945f73505a') in 0.036040 seconds 
  Import took 0.042767 seconds .

========================================================================
Received Import Request.
  Time since last request: 0.000239 seconds.
  path: Assets/TopDownEngine/ThirdParty/MoreMountains/MMTools/Tools/MMSceneLoading/Sprites/LoadingAnimation.png
  artifactKey: Guid(9bd9265533309304db171aa9f916554a) Importer(815301076,1909f56bfc062723c751e8b465ee728b)
Start importing Assets/TopDownEngine/ThirdParty/MoreMountains/MMTools/Tools/MMSceneLoading/Sprites/LoadingAnimation.png using Guid(9bd9265533309304db171aa9f916554a) Importer(815301076,1909f56bfc062723c751e8b465ee728b)  -> (artifact id: '3a6773d9702b02165f937e7d11f964f6') in 0.411255 seconds 
  Import took 0.419782 seconds .

========================================================================
Received Import Request.
  Time since last request: 0.000271 seconds.
  path: Assets/TopDownEngine/Demos/LevelSelection/Sprites/level-map-minimal2DcharacterSwitch.png
  artifactKey: Guid(252c2103fd4fb0242b806a07e418c204) Importer(815301076,1909f56bfc062723c751e8b465ee728b)
Start importing Assets/TopDownEngine/Demos/LevelSelection/Sprites/level-map-minimal2DcharacterSwitch.png using Guid(252c2103fd4fb0242b806a07e418c204) Importer(815301076,1909f56bfc062723c751e8b465ee728b)  -> (artifact id: 'bb0afb677f6d5d10aa7701e737711b23') in 0.035091 seconds 
  Import took 0.041162 seconds .

========================================================================
Received Import Request.
  Time since last request: 0.000230 seconds.
  path: Assets/TopDownEngine/Demos/LevelSelection/Sprites/level-map-minimal3D-grid.png
  artifactKey: Guid(597e2cb508fd7ec4e8435da2133e4191) Importer(815301076,1909f56bfc062723c751e8b465ee728b)
Start importing Assets/TopDownEngine/Demos/LevelSelection/Sprites/level-map-minimal3D-grid.png using Guid(597e2cb508fd7ec4e8435da2133e4191) Importer(815301076,1909f56bfc062723c751e8b465ee728b)  -> (artifact id: '264f6f4c62de189ec6a5edf2ac1be3cc') in 0.037794 seconds 
  Import took 0.045852 seconds .

========================================================================
Received Import Request.
  Time since last request: 0.000295 seconds.
  path: Assets/TopDownEngine/ThirdParty/MoreMountains/MMInterface/Styles/Mini/Sprites/OnOff.png
  artifactKey: Guid(a3e5ea080f0643849822180f1eb82eb9) Importer(815301076,1909f56bfc062723c751e8b465ee728b)
Start importing Assets/TopDownEngine/ThirdParty/MoreMountains/MMInterface/Styles/Mini/Sprites/OnOff.png using Guid(a3e5ea080f0643849822180f1eb82eb9) Importer(815301076,1909f56bfc062723c751e8b465ee728b)  -> (artifact id: '91d99cfe873a4e8ab3315a67db84576b') in 0.036274 seconds 
  Import took 0.044445 seconds .

========================================================================
Received Import Request.
  Time since last request: 0.000234 seconds.
  path: Assets/TopDownEngine/Demos/Grasslands/Sprites/GrasslandsGround.png
  artifactKey: Guid(e0bbe8ce6626c9048b7f8f9ba5623c10) Importer(815301076,1909f56bfc062723c751e8b465ee728b)
Start importing Assets/TopDownEngine/Demos/Grasslands/Sprites/GrasslandsGround.png using Guid(e0bbe8ce6626c9048b7f8f9ba5623c10) Importer(815301076,1909f56bfc062723c751e8b465ee728b)  -> (artifact id: '37453041d1050aacd6c55c5c8a0be70f') in 0.166088 seconds 
  Import took 0.172946 seconds .

========================================================================
Received Import Request.
  Time since last request: 0.000279 seconds.
  path: Assets/TopDownEngine/ThirdParty/MoreMountains/MMInterface/Styles/Mini/Sprites/Icons/MMIconMusic.png
  artifactKey: Guid(13f07b2ca454f914ca1a4e7043fd8e38) Importer(815301076,1909f56bfc062723c751e8b465ee728b)
Start importing Assets/TopDownEngine/ThirdParty/MoreMountains/MMInterface/Styles/Mini/Sprites/Icons/MMIconMusic.png using Guid(13f07b2ca454f914ca1a4e7043fd8e38) Importer(815301076,1909f56bfc062723c751e8b465ee728b)  -> (artifact id: '79a3373d92923cf50de965c1b293bfe7') in 0.028768 seconds 
  Import took 0.035253 seconds .

========================================================================
Received Import Request.
  Time since last request: 0.000313 seconds.
  path: Assets/TopDownEngine/Common/Sprites/MoreMountainsLogoSplashScreen.png
  artifactKey: Guid(2de366636f4c9fa498926af72ca0834e) Importer(815301076,1909f56bfc062723c751e8b465ee728b)
Start importing Assets/TopDownEngine/Common/Sprites/MoreMountainsLogoSplashScreen.png using Guid(2de366636f4c9fa498926af72ca0834e) Importer(815301076,1909f56bfc062723c751e8b465ee728b)  -> (artifact id: 'fc69dad32b81c5cb6cca1f8c5df60406') in 0.033647 seconds 
  Import took 0.041911 seconds .

========================================================================
Received Import Request.
  Time since last request: 0.000255 seconds.
  path: Assets/TopDownEngine/ThirdParty/MoreMountains/InventoryEngine/Demos/PixelRogue/Sprites/Icons.png
  artifactKey: Guid(a1fbd1aaf76d0b94e88551b7c406ee2c) Importer(815301076,1909f56bfc062723c751e8b465ee728b)
Start importing Assets/TopDownEngine/ThirdParty/MoreMountains/InventoryEngine/Demos/PixelRogue/Sprites/Icons.png using Guid(a1fbd1aaf76d0b94e88551b7c406ee2c) Importer(815301076,1909f56bfc062723c751e8b465ee728b)  -> (artifact id: '19f0e50bf498ee2383a386610b67ca35') in 0.093078 seconds 
  Import took 0.100309 seconds .

========================================================================
Received Import Request.
  Time since last request: 0.000260 seconds.
  path: Assets/TopDownEngine/Demos/Koala2D/Sprites/Dungeon/KoalaDungeonHoles.png
  artifactKey: Guid(2aa35c09c27bd14419e972852623033c) Importer(815301076,1909f56bfc062723c751e8b465ee728b)
Start importing Assets/TopDownEngine/Demos/Koala2D/Sprites/Dungeon/KoalaDungeonHoles.png using Guid(2aa35c09c27bd14419e972852623033c) Importer(815301076,1909f56bfc062723c751e8b465ee728b)  -> (artifact id: '33cb029c18bdfdcb3adeb6cd1df73ef0') in 0.140285 seconds 
  Import took 0.149862 seconds .

========================================================================
Received Import Request.
  Time since last request: 0.000285 seconds.
  path: Assets/TopDownEngine/Demos/Grasslands/Sprites/GrasslandsPath.png
  artifactKey: Guid(702dbf5d450cbb240b97e673f929d7f9) Importer(815301076,1909f56bfc062723c751e8b465ee728b)
Start importing Assets/TopDownEngine/Demos/Grasslands/Sprites/GrasslandsPath.png using Guid(702dbf5d450cbb240b97e673f929d7f9) Importer(815301076,1909f56bfc062723c751e8b465ee728b)  -> (artifact id: '178ba18e77c015e6fcb07182afc3acc9') in 0.141583 seconds 
  Import took 0.148479 seconds .

========================================================================
Received Import Request.
  Time since last request: 0.000216 seconds.
  path: Assets/TopDownEngine/ThirdParty/MoreMountains/MMInterface/Styles/Mini/Sprites/RoundedCorners10Filled.png
  artifactKey: Guid(6b5af5f7855e2704ba8dc542d2d3cac0) Importer(815301076,1909f56bfc062723c751e8b465ee728b)
Start importing Assets/TopDownEngine/ThirdParty/MoreMountains/MMInterface/Styles/Mini/Sprites/RoundedCorners10Filled.png using Guid(6b5af5f7855e2704ba8dc542d2d3cac0) Importer(815301076,1909f56bfc062723c751e8b465ee728b)  -> (artifact id: '3fe7e9eacd9ca23dc4e161821f8e75a2') in 0.032730 seconds 
  Import took 0.039203 seconds .

========================================================================
Received Import Request.
  Time since last request: 0.000248 seconds.
  path: Assets/TopDownEngine/Demos/Koala2D/Sprites/Dungeon/KoalaDungeonCarpet.png
  artifactKey: Guid(51cb2138e31194c19b6838948e281fae) Importer(815301076,1909f56bfc062723c751e8b465ee728b)
Start importing Assets/TopDownEngine/Demos/Koala2D/Sprites/Dungeon/KoalaDungeonCarpet.png using Guid(51cb2138e31194c19b6838948e281fae) Importer(815301076,1909f56bfc062723c751e8b465ee728b)  -> (artifact id: 'cbc5f3ec9b676ec2083f6a7eebca4683') in 0.144669 seconds 
  Import took 0.151620 seconds .

========================================================================
Received Import Request.
  Time since last request: 0.000205 seconds.
  path: Assets/TopDownEngine/Demos/Grasslands/Sprites/GrasslandsCliffs.png
  artifactKey: Guid(f0b17f2438decf34180409278c0ae7e5) Importer(815301076,1909f56bfc062723c751e8b465ee728b)
Start importing Assets/TopDownEngine/Demos/Grasslands/Sprites/GrasslandsCliffs.png using Guid(f0b17f2438decf34180409278c0ae7e5) Importer(815301076,1909f56bfc062723c751e8b465ee728b)  -> (artifact id: '2a48fa50ddc65336aee7633cae13df4b') in 0.144103 seconds 
  Import took 0.152664 seconds .

========================================================================
Received Import Request.
  Time since last request: 6.499199 seconds.
  path: Assets/TopDownEngine/Demos/Loft3D/Models/WeaponCrate/LoftWeaponCrate.fbx
  artifactKey: Guid(9ec1c543deb02264c8278b99aa0dc90b) Importer(815301076,1909f56bfc062723c751e8b465ee728b)
Start importing Assets/TopDownEngine/Demos/Loft3D/Models/WeaponCrate/LoftWeaponCrate.fbx using Guid(9ec1c543deb02264c8278b99aa0dc90b) Importer(815301076,1909f56bfc062723c751e8b465ee728b)  -> (artifact id: '2f4506b52d8601474b72206904fd61b5') in 0.589450 seconds 
  Import took 0.596212 seconds .

========================================================================
Received Import Request.
  Time since last request: 0.000224 seconds.
  path: Assets/TopDownEngine/Demos/Loft3D/Models/Furniture/Materials/_defaultMat.mat
  artifactKey: Guid(83db984e9b256a24e99050b94df62fc5) Importer(815301076,1909f56bfc062723c751e8b465ee728b)
Start importing Assets/TopDownEngine/Demos/Loft3D/Models/Furniture/Materials/_defaultMat.mat using Guid(83db984e9b256a24e99050b94df62fc5) Importer(815301076,1909f56bfc062723c751e8b465ee728b)  -> (artifact id: 'ee8b547eb0689d92746644425766ddcb') in 0.033780 seconds 
  Import took 0.040108 seconds .

========================================================================
Received Import Request.
  Time since last request: 0.000224 seconds.
  path: Assets/TopDownEngine/Demos/Loft3D/Models/LoftCar/LoftCar.fbx
  artifactKey: Guid(59e8d145c8d7596419c6fca106c04fa0) Importer(815301076,1909f56bfc062723c751e8b465ee728b)
Start importing Assets/TopDownEngine/Demos/Loft3D/Models/LoftCar/LoftCar.fbx using Guid(59e8d145c8d7596419c6fca106c04fa0) Importer(815301076,1909f56bfc062723c751e8b465ee728b)  -> (artifact id: 'ce0c9f927af831a9bfb40779da80c024') in 0.238780 seconds 
  Import took 0.245200 seconds .

========================================================================
Received Import Request.
  Time since last request: 0.000201 seconds.
  path: Assets/TopDownEngine/Demos/Loft3D/Models/Weapons/Models/LoftSword.fbx
  artifactKey: Guid(e1660ca55686a7b41a9382f564cb1ae8) Importer(815301076,1909f56bfc062723c751e8b465ee728b)
Start importing Assets/TopDownEngine/Demos/Loft3D/Models/Weapons/Models/LoftSword.fbx using Guid(e1660ca55686a7b41a9382f564cb1ae8) Importer(815301076,1909f56bfc062723c751e8b465ee728b)  -> (artifact id: '25eda7e8e89004fc0378da29990d5b1b') in 0.112754 seconds 
  Import took 0.121077 seconds .

========================================================================
Received Import Request.
  Time since last request: 0.000291 seconds.
  path: Assets/TopDownEngine/ThirdParty/MoreMountains/MMFeedbacks/Demos/MMFeedbacksDemo/Models/MMBurger.fbx
  artifactKey: Guid(10f1060b18f7ba34f92053a256e89d10) Importer(815301076,1909f56bfc062723c751e8b465ee728b)
Start importing Assets/TopDownEngine/ThirdParty/MoreMountains/MMFeedbacks/Demos/MMFeedbacksDemo/Models/MMBurger.fbx using Guid(10f1060b18f7ba34f92053a256e89d10) Importer(815301076,1909f56bfc062723c751e8b465ee728b)  -> (artifact id: 'd94b7f562132c1acc512db57eb9ddc5c') in 0.226864 seconds 
  Import took 0.233488 seconds .

========================================================================
Received Import Request.
  Time since last request: 0.000266 seconds.
  path: Assets/TopDownEngine/Demos/Explodudes/Models/ExplodudeBomb.fbx
  artifactKey: Guid(0f79ce428d503024191003a42b10041e) Importer(815301076,1909f56bfc062723c751e8b465ee728b)
Start importing Assets/TopDownEngine/Demos/Explodudes/Models/ExplodudeBomb.fbx using Guid(0f79ce428d503024191003a42b10041e) Importer(815301076,1909f56bfc062723c751e8b465ee728b)  -> (artifact id: '3bbacc63055dbcc7ae361f4b8fae8a3e') in 0.335795 seconds 
  Import took 0.344005 seconds .

========================================================================
Received Import Request.
  Time since last request: 0.000294 seconds.
  path: Assets/TopDownEngine/Demos/Loft3D/Models/Ammo/LoftAmmoCrate.fbx
  artifactKey: Guid(675fea9647b63514ebeec7e6189b36f5) Importer(815301076,1909f56bfc062723c751e8b465ee728b)
Start importing Assets/TopDownEngine/Demos/Loft3D/Models/Ammo/LoftAmmoCrate.fbx using Guid(675fea9647b63514ebeec7e6189b36f5) Importer(815301076,1909f56bfc062723c751e8b465ee728b)  -> (artifact id: '4dc13b759ee0e2083e1fc03c597d3ccd') in 0.220863 seconds 
  Import took 0.229478 seconds .

========================================================================
Received Import Request.
  Time since last request: 0.000242 seconds.
  path: Assets/TopDownEngine/Demos/Explodudes/Animations/Characters/MM/MMExplodude.fbx
  artifactKey: Guid(3929d93282f993d4594e89a256ad4b81) Importer(815301076,1909f56bfc062723c751e8b465ee728b)
Start importing Assets/TopDownEngine/Demos/Explodudes/Animations/Characters/MM/MMExplodude.fbx using Guid(3929d93282f993d4594e89a256ad4b81) Importer(815301076,1909f56bfc062723c751e8b465ee728b)  -> (artifact id: '2f97b89e336ce082c0ab33d4c4846aea') in 0.255876 seconds 
  Import took 0.263421 seconds .

========================================================================
Received Import Request.
  Time since last request: 17.600796 seconds.
  path: Assets/Scripts/ChaeYeon/bg.png
  artifactKey: Guid(f4ebfb6e56877e74d8b0496c86f84bb9) Importer(815301076,1909f56bfc062723c751e8b465ee728b)
Start importing Assets/Scripts/ChaeYeon/bg.png using Guid(f4ebfb6e56877e74d8b0496c86f84bb9) Importer(815301076,1909f56bfc062723c751e8b465ee728b)  -> (artifact id: '0ff6d0d8b7136d85148f1b10fc30a5ad') in 0.025964 seconds 
  Import took 0.033784 seconds .

========================================================================
Received Import Request.
  Time since last request: 809.734442 seconds.
  path: Assets/Scripts/ChaeYeon/NewBehaviourScript.cs
  artifactKey: Guid(871b1c0b6f3be33488d923c99abe7fec) Importer(815301076,1909f56bfc062723c751e8b465ee728b)
Start importing Assets/Scripts/ChaeYeon/NewBehaviourScript.cs using Guid(871b1c0b6f3be33488d923c99abe7fec) Importer(815301076,1909f56bfc062723c751e8b465ee728b)  -> (artifact id: 'd4d7e9da8089a2268864c3bcc31cbf1c') in 0.026030 seconds 
  Import took 0.035343 seconds .

========================================================================
Received Prepare
Registering precompiled user dll's ...
Registered in 0.007859 seconds.
Begin MonoManager ReloadAssembly
Native extension for WindowsStandalone target not found
Native extension for WebGL target not found
Refreshing native plugins compatible for Editor in 1.28 ms, found 3 plugins.
Preloading 0 native plugins for Editor in 0.00 ms.
Mono: successfully reloaded assembly
- Completed reload, in  1.376 seconds
Domain Reload Profiling:
	ReloadAssembly (1377ms)
		BeginReloadAssembly (242ms)
			ExecutionOrderSort (0ms)
			DisableScriptedObjects (15ms)
			BackupInstance (0ms)
			ReleaseScriptingObjects (0ms)
			CreateAndSetChildDomain (125ms)
		EndReloadAssembly (1069ms)
			LoadAssemblies (139ms)
			RebuildTransferFunctionScriptingTraits (0ms)
			SetupTypeCache (348ms)
			ReleaseScriptCaches (1ms)
			RebuildScriptCaches (60ms)
			SetupLoadedEditorAssemblies (433ms)
				LogAssemblyErrors (0ms)
				InitializePlatformSupportModulesInManaged (6ms)
				SetLoadedEditorAssemblies (1ms)
				RefreshPlugins (1ms)
				BeforeProcessingInitializeOnLoad (94ms)
				ProcessInitializeOnLoadAttributes (319ms)
				ProcessInitializeOnLoadMethodAttributes (7ms)
				AfterProcessingInitializeOnLoad (4ms)
				EditorAssembliesLoaded (0ms)
			ExecutionOrderSort2 (0ms)
			AwakeInstancesAfterBackupRestoration (11ms)
Platform modules already initialized, skipping
Shader 'MoreMountains/MMRipple': fallback shader 'Particle/AlphaBlended' not found
Refreshing native plugins compatible for Editor in 1.29 ms, found 3 plugins.
Preloading 0 native plugins for Editor in 0.00 ms.
Unloading 3193 Unused Serialized files (Serialized files now loaded: 0)
System memory in use before: 215.5 MB.
System memory in use after: 215.7 MB.

Unloading 17 unused Assets to reduce memory usage. Loaded Objects now: 3887.
Total: 4.334100 ms (FindLiveObjects: 0.377000 ms CreateObjectMapping: 0.186900 ms MarkObjects: 3.738000 ms  DeleteObjects: 0.030500 ms)

AssetImportParameters requested are different than current active one (requested -> active):
  custom:framework-win-MediaFoundation: 216162199b28c13a410421893ffa2e32 -> 
  custom:video-decoder-ogg-theora: a1e56fd34408186e4bbccfd4996cb3dc -> 
  custom:container-muxer-webm: aa71ff27fc2769a1b78a27578f13a17b -> 
  custom:container-demuxer-webm: 4f35f7cbe854078d1ac9338744f61a02 -> 
  custom:container-demuxer-ogg: 62fdf1f143b41e24485cea50d1cbac27 -> 
  custom:video-encoder-webm-vp8: eb34c28f22e8b96e1ab97ce403110664 -> 
  custom:video-decoder-webm-vp8: 9c59270c3fd7afecdb556c50c9e8de78 -> 
  custom:audio-decoder-ogg-vorbis: bf7c407c2cedff20999df2af8eb42d56 -> 
  custom:audio-encoder-webm-vorbis: bf7c407c2cedff20999df2af8eb42d56 -> 
AssetImportWorkerClient::OnTransportError - code=2 error=End of file
